Using pre-set license
Built from '2021.3/staging' branch; Version is '2021.3.26f1 (a16dc32e0ff2) revision 10579395'; Using compiler version '192829333'; Build Type 'Release'
OS: 'Windows 10  (10.0.19045) 64bit Professional' Language: 'ru' Physical Memory: 16332 MB
BatchMode: 1, IsHumanControllingUs: 0, StartBugReporterOnCrash: 0, Is64bit: 1, IsPro: 1

COMMAND LINE ARGUMENTS:
C:\Program Files\Unity\Hub\Editor\2021.3.26f1\Editor\Unity.exe
-adb2
-batchMode
-noUpm
-name
AssetImportWorker0
-projectPath
C:/Users/Aleksandr/Documents/GitHub/UnityGame/UnityGame
-logFile
Logs/AssetImportWorker0.log
-srvPort
59804
Successfully changed project path to: C:/Users/Aleksandr/Documents/GitHub/UnityGame/UnityGame
C:/Users/Aleksandr/Documents/GitHub/UnityGame/UnityGame
[UnityMemory] Configuration Parameters - Can be set up in boot.config
    "memorysetup-bucket-allocator-granularity=16"
    "memorysetup-bucket-allocator-bucket-count=8"
    "memorysetup-bucket-allocator-block-size=33554432"
    "memorysetup-bucket-allocator-block-count=8"
    "memorysetup-main-allocator-block-size=16777216"
    "memorysetup-thread-allocator-block-size=16777216"
    "memorysetup-gfx-main-allocator-block-size=16777216"
    "memorysetup-gfx-thread-allocator-block-size=16777216"
    "memorysetup-cache-allocator-block-size=4194304"
    "memorysetup-typetree-allocator-block-size=2097152"
    "memorysetup-profiler-bucket-allocator-granularity=16"
    "memorysetup-profiler-bucket-allocator-bucket-count=8"
    "memorysetup-profiler-bucket-allocator-block-size=33554432"
    "memorysetup-profiler-bucket-allocator-block-count=8"
    "memorysetup-profiler-allocator-block-size=16777216"
    "memorysetup-profiler-editor-allocator-block-size=1048576"
    "memorysetup-temp-allocator-size-main=16777216"
    "memorysetup-job-temp-allocator-block-size=2097152"
    "memorysetup-job-temp-allocator-block-size-background=1048576"
    "memorysetup-job-temp-allocator-reduction-small-platforms=262144"
    "memorysetup-temp-allocator-size-background-worker=32768"
    "memorysetup-temp-allocator-size-job-worker=262144"
    "memorysetup-temp-allocator-size-preload-manager=33554432"
    "memorysetup-temp-allocator-size-nav-mesh-worker=65536"
    "memorysetup-temp-allocator-size-audio-worker=65536"
    "memorysetup-temp-allocator-size-cloud-worker=32768"
    "memorysetup-temp-allocator-size-gi-baking-worker=262144"
    "memorysetup-temp-allocator-size-gfx=262144"
Player connection [2816] Host "[IP] 192.168.1.42 [Port] 0 [Flags] 2 [Guid] 1005022124 [EditorId] 1005022124 [Version] 1048832 [Id] WindowsEditor(7,DESKTOP-UMEVBR3) [Debug] 1 [PackageName] WindowsEditor [ProjectName] Editor" joined multi-casting on [225.0.0.222:54997]...

Player connection [2816] Host "[IP] 192.168.1.42 [Port] 0 [Flags] 2 [Guid] 1005022124 [EditorId] 1005022124 [Version] 1048832 [Id] WindowsEditor(7,DESKTOP-UMEVBR3) [Debug] 1 [PackageName] WindowsEditor [ProjectName] Editor" joined alternative multi-casting on [225.0.0.222:34997]...

Refreshing native plugins compatible for Editor in 97.48 ms, found 3 plugins.
Preloading 0 native plugins for Editor in 0.00 ms.
Initialize engine version: 2021.3.26f1 (a16dc32e0ff2)
[Subsystems] Discovering subsystems at path C:/Program Files/Unity/Hub/Editor/2021.3.26f1/Editor/Data/Resources/UnitySubsystems
[Subsystems] Discovering subsystems at path C:/Users/Aleksandr/Documents/GitHub/UnityGame/UnityGame/Assets
GfxDevice: creating device client; threaded=0; jobified=0
Direct3D:
    Version:  Direct3D 11.0 [level 11.1]
    Renderer: Radeon RX 570 Series (ID=0x67df)
    Vendor:   ATI
    VRAM:     4074 MB
    Driver:   31.0.14057.5006
Initialize mono
Mono path[0] = 'C:/Program Files/Unity/Hub/Editor/2021.3.26f1/Editor/Data/Managed'
Mono path[1] = 'C:/Program Files/Unity/Hub/Editor/2021.3.26f1/Editor/Data/MonoBleedingEdge/lib/mono/unityjit-win32'
Mono config path = 'C:/Program Files/Unity/Hub/Editor/2021.3.26f1/Editor/Data/MonoBleedingEdge/etc'
Using monoOptions --debugger-agent=transport=dt_socket,embedding=1,server=y,suspend=n,address=127.0.0.1:56248
Begin MonoManager ReloadAssembly
Registering precompiled unity dll's ...
Register platform support module: C:/Program Files/Unity/Hub/Editor/2021.3.26f1/Editor/Data/PlaybackEngines/WebGLSupport/UnityEditor.WebGL.Extensions.dll
Register platform support module: C:/Program Files/Unity/Hub/Editor/2021.3.26f1/Editor/Data/PlaybackEngines/WindowsStandaloneSupport/UnityEditor.WindowsStandalone.Extensions.dll
Registered in 0.015056 seconds.
Native extension for WindowsStandalone target not found
Native extension for WebGL target not found
Refreshing native plugins compatible for Editor in 108.07 ms, found 3 plugins.
Preloading 0 native plugins for Editor in 0.00 ms.
Mono: successfully reloaded assembly
- Completed reload, in  1.041 seconds
Domain Reload Profiling:
	ReloadAssembly (1041ms)
		BeginReloadAssembly (154ms)
			ExecutionOrderSort (0ms)
			DisableScriptedObjects (0ms)
			BackupInstance (0ms)
			ReleaseScriptingObjects (0ms)
			CreateAndSetChildDomain (1ms)
		EndReloadAssembly (708ms)
			LoadAssemblies (151ms)
			RebuildTransferFunctionScriptingTraits (0ms)
			SetupTypeCache (186ms)
			ReleaseScriptCaches (0ms)
			RebuildScriptCaches (41ms)
			SetupLoadedEditorAssemblies (395ms)
				LogAssemblyErrors (0ms)
				InitializePlatformSupportModulesInManaged (16ms)
				SetLoadedEditorAssemblies (0ms)
				RefreshPlugins (108ms)
				BeforeProcessingInitializeOnLoad (2ms)
				ProcessInitializeOnLoadAttributes (195ms)
				ProcessInitializeOnLoadMethodAttributes (73ms)
				AfterProcessingInitializeOnLoad (0ms)
				EditorAssembliesLoaded (0ms)
			ExecutionOrderSort2 (0ms)
			AwakeInstancesAfterBackupRestoration (0ms)
Platform modules already initialized, skipping
Registering precompiled user dll's ...
Registered in 0.007956 seconds.
Begin MonoManager ReloadAssembly
Symbol file LoadedFromMemory doesn't match image C:\Users\Aleksandr\Documents\GitHub\UnityGame\UnityGame\Library\PackageCache\com.unity.visualscripting@1.8.0\Editor\VisualScripting.Core\Dependencies\YamlDotNet\Unity.VisualScripting.YamlDotNet.dll
Symbol file LoadedFromMemory doesn't match image C:\Users\Aleksandr\Documents\GitHub\UnityGame\UnityGame\Library\PackageCache\com.unity.visualscripting@1.8.0\Editor\VisualScripting.Core\Dependencies\DotNetZip\Unity.VisualScripting.IonicZip.dll
Native extension for WindowsStandalone target not found
Native extension for WebGL target not found
Refreshing native plugins compatible for Editor in 1.32 ms, found 3 plugins.
Preloading 0 native plugins for Editor in 0.00 ms.
Mono: successfully reloaded assembly
- Completed reload, in  1.889 seconds
Domain Reload Profiling:
	ReloadAssembly (1892ms)
		BeginReloadAssembly (183ms)
			ExecutionOrderSort (0ms)
			DisableScriptedObjects (9ms)
			BackupInstance (0ms)
			ReleaseScriptingObjects (0ms)
			CreateAndSetChildDomain (24ms)
		EndReloadAssembly (1537ms)
			LoadAssemblies (137ms)
			RebuildTransferFunctionScriptingTraits (0ms)
			SetupTypeCache (424ms)
			ReleaseScriptCaches (1ms)
			RebuildScriptCaches (85ms)
			SetupLoadedEditorAssemblies (795ms)
				LogAssemblyErrors (0ms)
				InitializePlatformSupportModulesInManaged (29ms)
				SetLoadedEditorAssemblies (1ms)
				RefreshPlugins (1ms)
				BeforeProcessingInitializeOnLoad (163ms)
				ProcessInitializeOnLoadAttributes (520ms)
				ProcessInitializeOnLoadMethodAttributes (50ms)
				AfterProcessingInitializeOnLoad (31ms)
				EditorAssembliesLoaded (1ms)
			ExecutionOrderSort2 (0ms)
			AwakeInstancesAfterBackupRestoration (12ms)
Platform modules already initialized, skipping
========================================================================
Worker process is ready to serve import requests
Launched and connected shader compiler UnityShaderCompiler.exe after 0.06 seconds
Refreshing native plugins compatible for Editor in 1.90 ms, found 3 plugins.
Preloading 0 native plugins for Editor in 0.00 ms.
Unloading 3055 Unused Serialized files (Serialized files now loaded: 0)
Unloading 22 unused Assets / (57.1 KB). Loaded Objects now: 3544.
Memory consumption went from 132.3 MB to 132.2 MB.
Total: 6.120800 ms (FindLiveObjects: 0.599700 ms CreateObjectMapping: 0.821600 ms MarkObjects: 4.578700 ms  DeleteObjects: 0.119300 ms)

AssetImportParameters requested are different than current active one (requested -> active):
  custom:video-decoder-ogg-theora: a1e56fd34408186e4bbccfd4996cb3dc -> 
  custom:container-muxer-webm: aa71ff27fc2769a1b78a27578f13a17b -> 
  custom:container-demuxer-webm: 4f35f7cbe854078d1ac9338744f61a02 -> 
  custom:video-encoder-webm-vp8: eb34c28f22e8b96e1ab97ce403110664 -> 
  custom:audio-encoder-webm-vorbis: bf7c407c2cedff20999df2af8eb42d56 -> 
  custom:framework-win-MediaFoundation: 216162199b28c13a410421893ffa2e32 -> 
  custom:container-demuxer-ogg: 62fdf1f143b41e24485cea50d1cbac27 -> 
  custom:video-decoder-webm-vp8: 9c59270c3fd7afecdb556c50c9e8de78 -> 
  custom:audio-decoder-ogg-vorbis: bf7c407c2cedff20999df2af8eb42d56 -> 
========================================================================
Received Import Request.
  Time since last request: 675602.650927 seconds.
  path: Assets/POLYGON city pack/Prefabs/traffic signs/road traffic sign.prefab
  artifactKey: Guid(5aa09168234dce04fb87af766863e32b) Importer(815301076,1909f56bfc062723c751e8b465ee728b)
Start importing Assets/POLYGON city pack/Prefabs/traffic signs/road traffic sign.prefab using Guid(5aa09168234dce04fb87af766863e32b) Importer(815301076,1909f56bfc062723c751e8b465ee728b)  -> (artifact id: '61556ccc2b5c3feff9e6225296e6c6fe') in 0.394541 seconds 
========================================================================
Received Import Request.
  Time since last request: 0.000049 seconds.
  path: Assets/POLYGON city pack/Meshes,textures/Shops_FBX/Materials/Sign_02.mat
  artifactKey: Guid(ae8c59ee08e3b1546806795f27057347) Importer(815301076,1909f56bfc062723c751e8b465ee728b)
Start importing Assets/POLYGON city pack/Meshes,textures/Shops_FBX/Materials/Sign_02.mat using Guid(ae8c59ee08e3b1546806795f27057347) Importer(815301076,1909f56bfc062723c751e8b465ee728b)  -> (artifact id: 'bdef4a5951630977abd1dfaec224b2c4') in 0.102722 seconds 
========================================================================
Received Import Request.
  Time since last request: 0.000038 seconds.
  path: Assets/POLYGON city pack/Meshes,textures/Shops_FBX/Materials/Sign_big.mat
  artifactKey: Guid(e81637d1351d5b345b66d1b8af1fef83) Importer(815301076,1909f56bfc062723c751e8b465ee728b)
Start importing Assets/POLYGON city pack/Meshes,textures/Shops_FBX/Materials/Sign_big.mat using Guid(e81637d1351d5b345b66d1b8af1fef83) Importer(815301076,1909f56bfc062723c751e8b465ee728b)  -> (artifact id: '67ecee1a0e8ca0d866d7e931d1d233a0') in 0.044191 seconds 
========================================================================
Received Import Request.
  Time since last request: 0.000207 seconds.
  path: Assets/POLYGON city pack/Meshes,textures/props_FBX/Materials/Bank_sign.mat
  artifactKey: Guid(6f0be97a636d5a2489367c289f3de81c) Importer(815301076,1909f56bfc062723c751e8b465ee728b)
Start importing Assets/POLYGON city pack/Meshes,textures/props_FBX/Materials/Bank_sign.mat using Guid(6f0be97a636d5a2489367c289f3de81c) Importer(815301076,1909f56bfc062723c751e8b465ee728b)  -> (artifact id: '1d299b9b69bbdb28fac7fccde56b435c') in 0.047947 seconds 
========================================================================
Received Import Request.
  Time since last request: 0.000024 seconds.
  path: Assets/POLYGON city pack/Meshes,textures/props_FBX/Bank_sign.fbx
  artifactKey: Guid(70f7dc573b688f544abea3f85bcaa05d) Importer(815301076,1909f56bfc062723c751e8b465ee728b)
Start importing Assets/POLYGON city pack/Meshes,textures/props_FBX/Bank_sign.fbx using Guid(70f7dc573b688f544abea3f85bcaa05d) Importer(815301076,1909f56bfc062723c751e8b465ee728b)  -> (artifact id: 'c8937f3aeb483e2a2ea0132a9a47320e') in 0.160472 seconds 
========================================================================
Received Import Request.
  Time since last request: 0.000026 seconds.
  path: Assets/POLYGON city pack/Meshes,textures/props_FBX/platt 1 sign part.fbx
  artifactKey: Guid(35b519e7f36671443b32ef1fba32f545) Importer(815301076,1909f56bfc062723c751e8b465ee728b)
Start importing Assets/POLYGON city pack/Meshes,textures/props_FBX/platt 1 sign part.fbx using Guid(35b519e7f36671443b32ef1fba32f545) Importer(815301076,1909f56bfc062723c751e8b465ee728b)  -> (artifact id: '39d2edee6c6c1ba85614dbd60639a768') in 0.073235 seconds 
========================================================================
Received Import Request.
  Time since last request: 0.000037 seconds.
  path: Assets/POLYGON city pack/Meshes,textures/props_FBX/BurgerShop_sign.png
  artifactKey: Guid(bb5cfbdd0a8fb8c4ebffa31636a05046) Importer(815301076,1909f56bfc062723c751e8b465ee728b)
Start importing Assets/POLYGON city pack/Meshes,textures/props_FBX/BurgerShop_sign.png using Guid(bb5cfbdd0a8fb8c4ebffa31636a05046) Importer(815301076,1909f56bfc062723c751e8b465ee728b)  -> (artifact id: '1e529006c9eddd1eb3b5a46ca826f9af') in 0.128925 seconds 
========================================================================
Received Import Request.
  Time since last request: 0.000043 seconds.
  path: Assets/POLYGON city pack/Prefabs/Props/Bank_sign Prefab.prefab
  artifactKey: Guid(d11c03cec4369ea4aa3d29744046d625) Importer(815301076,1909f56bfc062723c751e8b465ee728b)
Start importing Assets/POLYGON city pack/Prefabs/Props/Bank_sign Prefab.prefab using Guid(d11c03cec4369ea4aa3d29744046d625) Importer(815301076,1909f56bfc062723c751e8b465ee728b)  -> (artifact id: 'cabcd459bae3c2c25cb58a68a108a18d') in 0.044873 seconds 
========================================================================
Received Import Request.
  Time since last request: 0.000027 seconds.
  path: Assets/POLYGON city pack/Meshes,textures/traffic signs FBX/road traffic sign.fbx
  artifactKey: Guid(696cb771241f5a44aa4268a371db368e) Importer(815301076,1909f56bfc062723c751e8b465ee728b)
Start importing Assets/POLYGON city pack/Meshes,textures/traffic signs FBX/road traffic sign.fbx using Guid(696cb771241f5a44aa4268a371db368e) Importer(815301076,1909f56bfc062723c751e8b465ee728b)  -> (artifact id: '2224a5cdce286c54a71a62919e0614c2') in 0.048505 seconds 
========================================================================
Received Import Request.
  Time since last request: 0.000026 seconds.
  path: Assets/POLYGON city pack/Materials/Material_meshs/Sign_traffic 4.mat
  artifactKey: Guid(6211d6c20e4e0f7468c34706610697bc) Importer(815301076,1909f56bfc062723c751e8b465ee728b)
Start importing Assets/POLYGON city pack/Materials/Material_meshs/Sign_traffic 4.mat using Guid(6211d6c20e4e0f7468c34706610697bc) Importer(815301076,1909f56bfc062723c751e8b465ee728b)  -> (artifact id: '65d05ad9f6d0ac5403040744f56213dc') in 0.032999 seconds 
========================================================================
Received Import Request.
  Time since last request: 0.000035 seconds.
  path: Assets/POLYGON city pack/Meshes,textures/traffic signs FBX/traffic sign 3.fbx
  artifactKey: Guid(7ba1f135ee6d0864388b4afbddcf2ffe) Importer(815301076,1909f56bfc062723c751e8b465ee728b)
Start importing Assets/POLYGON city pack/Meshes,textures/traffic signs FBX/traffic sign 3.fbx using Guid(7ba1f135ee6d0864388b4afbddcf2ffe) Importer(815301076,1909f56bfc062723c751e8b465ee728b)  -> (artifact id: '02816b9d976fbe962aa53e093e305689') in 0.085354 seconds 
========================================================================
Received Import Request.
  Time since last request: 0.000022 seconds.
  path: Assets/POLYGON city pack/Materials/Material_meshs/Sign_speed_100.mat
  artifactKey: Guid(a4a40e7c355f38a4881ec26872523781) Importer(815301076,1909f56bfc062723c751e8b465ee728b)
Start importing Assets/POLYGON city pack/Materials/Material_meshs/Sign_speed_100.mat using Guid(a4a40e7c355f38a4881ec26872523781) Importer(815301076,1909f56bfc062723c751e8b465ee728b)  -> (artifact id: '6e15d697ae8f64948c67cdfb3c04d202') in 0.051797 seconds 
========================================================================
Received Import Request.
  Time since last request: 0.000027 seconds.
  path: Assets/POLYGON city pack/Materials/Material_meshs/Sign_ traffic 6.mat
  artifactKey: Guid(f798d719a656af348874a567a5e54242) Importer(815301076,1909f56bfc062723c751e8b465ee728b)
Start importing Assets/POLYGON city pack/Materials/Material_meshs/Sign_ traffic 6.mat using Guid(f798d719a656af348874a567a5e54242) Importer(815301076,1909f56bfc062723c751e8b465ee728b)  -> (artifact id: '704a22c1762c80d344ed651b420381a4') in 0.057909 seconds 
========================================================================
Received Import Request.
  Time since last request: 0.000023 seconds.
  path: Assets/POLYGON city pack/Meshes,textures/Shops_FBX/Materials/Info_sign_02.mat
  artifactKey: Guid(e331b1f033562c044b1c30e0d83b5977) Importer(815301076,1909f56bfc062723c751e8b465ee728b)
Start importing Assets/POLYGON city pack/Meshes,textures/Shops_FBX/Materials/Info_sign_02.mat using Guid(e331b1f033562c044b1c30e0d83b5977) Importer(815301076,1909f56bfc062723c751e8b465ee728b)  -> (artifact id: '4f6c69dac57a9abe4f4fafc4d1a56306') in 0.044146 seconds 
========================================================================
Received Import Request.
  Time since last request: 0.000033 seconds.
  path: Assets/POLYGON city pack/Meshes,textures/props_FBX/Pole_part_sign.fbx
  artifactKey: Guid(82d84d72fe4340c42adb14084e794c4a) Importer(815301076,1909f56bfc062723c751e8b465ee728b)
Start importing Assets/POLYGON city pack/Meshes,textures/props_FBX/Pole_part_sign.fbx using Guid(82d84d72fe4340c42adb14084e794c4a) Importer(815301076,1909f56bfc062723c751e8b465ee728b)  -> (artifact id: '80d180810c06a814360563d9d8e8e19b') in 0.053091 seconds 
========================================================================
Received Import Request.
  Time since last request: 0.000023 seconds.
  path: Assets/POLYGON city pack/Prefabs/Props/BurgerSho_Sign prefab.prefab
  artifactKey: Guid(331204bcfe96d5f4d83f7bdf75ea0873) Importer(815301076,1909f56bfc062723c751e8b465ee728b)
Start importing Assets/POLYGON city pack/Prefabs/Props/BurgerSho_Sign prefab.prefab using Guid(331204bcfe96d5f4d83f7bdf75ea0873) Importer(815301076,1909f56bfc062723c751e8b465ee728b)  -> (artifact id: '1028c5f912eed9bb1fe2205d2a89f232') in 0.061638 seconds 
========================================================================
Received Import Request.
  Time since last request: 0.000026 seconds.
  path: Assets/POLYGON city pack/Materials/Material_meshs/Sign_traffic 5.mat
  artifactKey: Guid(0551d21c07894ae46b712c8e21db8695) Importer(815301076,1909f56bfc062723c751e8b465ee728b)
Start importing Assets/POLYGON city pack/Materials/Material_meshs/Sign_traffic 5.mat using Guid(0551d21c07894ae46b712c8e21db8695) Importer(815301076,1909f56bfc062723c751e8b465ee728b)  -> (artifact id: 'd4da9b8d8cf2e3da9f28fd9b05e9f462') in 0.045316 seconds 
========================================================================
Received Import Request.
  Time since last request: 0.000023 seconds.
  path: Assets/POLYGON city pack/Materials/Material_meshs/Sign_ traffic raod.mat
  artifactKey: Guid(1bf9a498b08aac042ac9add9b9a635cd) Importer(815301076,1909f56bfc062723c751e8b465ee728b)
Start importing Assets/POLYGON city pack/Materials/Material_meshs/Sign_ traffic raod.mat using Guid(1bf9a498b08aac042ac9add9b9a635cd) Importer(815301076,1909f56bfc062723c751e8b465ee728b)  -> (artifact id: '8acdf875a15129ccc4cb71bc801b8774') in 0.039942 seconds 
========================================================================
Received Import Request.
  Time since last request: 0.000025 seconds.
  path: Assets/POLYGON city pack/Meshes,textures/traffic signs FBX/speed_limit_sign_10.png
  artifactKey: Guid(23ee3ecc18e0a41468c880c255412acf) Importer(815301076,1909f56bfc062723c751e8b465ee728b)
Start importing Assets/POLYGON city pack/Meshes,textures/traffic signs FBX/speed_limit_sign_10.png using Guid(23ee3ecc18e0a41468c880c255412acf) Importer(815301076,1909f56bfc062723c751e8b465ee728b)  -> (artifact id: 'fea3e02ba8baa7242c69c65d59efcc66') in 0.044910 seconds 
========================================================================
Received Import Request.
  Time since last request: 0.000033 seconds.
  path: Assets/POLYGON city pack/Meshes,textures/Shops_FBX/Materials/Sign_01.mat
  artifactKey: Guid(07746d192a3be8c42840e281ca0cd1a8) Importer(815301076,1909f56bfc062723c751e8b465ee728b)
Start importing Assets/POLYGON city pack/Meshes,textures/Shops_FBX/Materials/Sign_01.mat using Guid(07746d192a3be8c42840e281ca0cd1a8) Importer(815301076,1909f56bfc062723c751e8b465ee728b)  -> (artifact id: '1567b295dd8280e582507d48a3d231a8') in 0.051925 seconds 
========================================================================
Received Import Request.
  Time since last request: 0.000023 seconds.
  path: Assets/POLYGON city pack/Meshes,textures/props_FBX/platt 3 sign part.fbx
  artifactKey: Guid(025ae266f5a8bc44ab96601338063aab) Importer(815301076,1909f56bfc062723c751e8b465ee728b)
Start importing Assets/POLYGON city pack/Meshes,textures/props_FBX/platt 3 sign part.fbx using Guid(025ae266f5a8bc44ab96601338063aab) Importer(815301076,1909f56bfc062723c751e8b465ee728b)  -> (artifact id: 'e164fcdfa085f0715ec7ba89d8a8c238') in 0.074647 seconds 
========================================================================
Received Import Request.
  Time since last request: 0.000045 seconds.
  path: Assets/POLYGON city pack/Prefabs/Props/platt sign 5 prefab.prefab
  artifactKey: Guid(b16f11b0d09550241914b5bb604da520) Importer(815301076,1909f56bfc062723c751e8b465ee728b)
Start importing Assets/POLYGON city pack/Prefabs/Props/platt sign 5 prefab.prefab using Guid(b16f11b0d09550241914b5bb604da520) Importer(815301076,1909f56bfc062723c751e8b465ee728b)  -> (artifact id: '91c32bcc274bde72fd4b7f14e7258a57') in 0.062615 seconds 
========================================================================
Received Import Request.
  Time since last request: 0.000023 seconds.
  path: Assets/POLYGON city pack/Meshes,textures/traffic signs FBX/ traffic sign 4.fbx
  artifactKey: Guid(b582bca887da5e74baafb80649c26276) Importer(815301076,1909f56bfc062723c751e8b465ee728b)
Start importing Assets/POLYGON city pack/Meshes,textures/traffic signs FBX/ traffic sign 4.fbx using Guid(b582bca887da5e74baafb80649c26276) Importer(815301076,1909f56bfc062723c751e8b465ee728b)  -> (artifact id: '659e43516c65325432cca03c16d506fb') in 0.067791 seconds 
========================================================================
Received Import Request.
  Time since last request: 0.000023 seconds.
  path: Assets/POLYGON city pack/Prefabs/traffic signs/parking sign.prefab
  artifactKey: Guid(e27f1e8036aa32748b6e0aff27468160) Importer(815301076,1909f56bfc062723c751e8b465ee728b)
Start importing Assets/POLYGON city pack/Prefabs/traffic signs/parking sign.prefab using Guid(e27f1e8036aa32748b6e0aff27468160) Importer(815301076,1909f56bfc062723c751e8b465ee728b)  -> (artifact id: '2a1b230ed61cf301b051a7b92779d44a') in 0.054872 seconds 
========================================================================
Received Import Request.
  Time since last request: 0.000034 seconds.
  path: Assets/POLYGON city pack/Materials/Material_meshs/Sign_stop.mat
  artifactKey: Guid(1b7ac0ad5309d3c4e9738cd5ee1977d4) Importer(815301076,1909f56bfc062723c751e8b465ee728b)
Start importing Assets/POLYGON city pack/Materials/Material_meshs/Sign_stop.mat using Guid(1b7ac0ad5309d3c4e9738cd5ee1977d4) Importer(815301076,1909f56bfc062723c751e8b465ee728b)  -> (artifact id: '0880825e99100254fe42a13161e52916') in 0.042828 seconds 
========================================================================
Received Import Request.
  Time since last request: 0.000024 seconds.
  path: Assets/POLYGON city pack/Materials/Material_meshs/Sign_speed_50.mat
  artifactKey: Guid(3469377aa9a97234b964fc824e7105d9) Importer(815301076,1909f56bfc062723c751e8b465ee728b)
Start importing Assets/POLYGON city pack/Materials/Material_meshs/Sign_speed_50.mat using Guid(3469377aa9a97234b964fc824e7105d9) Importer(815301076,1909f56bfc062723c751e8b465ee728b)  -> (artifact id: '61d24afdd045f1a81aa4a67aed215167') in 0.059468 seconds 
========================================================================
Received Import Request.
  Time since last request: 0.000023 seconds.
  path: Assets/POLYGON city pack/Meshes,textures/traffic signs FBX/Materials/road  traffic sign.mat
  artifactKey: Guid(47d6f3b250a30aa448442bc469b1b56c) Importer(815301076,1909f56bfc062723c751e8b465ee728b)
Start importing Assets/POLYGON city pack/Meshes,textures/traffic signs FBX/Materials/road  traffic sign.mat using Guid(47d6f3b250a30aa448442bc469b1b56c) Importer(815301076,1909f56bfc062723c751e8b465ee728b)  -> (artifact id: '69f1699b4d23d8964a5620f649ac5db4') in 0.034082 seconds 
========================================================================
Received Import Request.
  Time since last request: 0.000022 seconds.
  path: Assets/POLYGON city pack/Meshes,textures/traffic signs FBX/slow sign texture.png
  artifactKey: Guid(1565dc52d73fc7240978247cc40ce757) Importer(815301076,1909f56bfc062723c751e8b465ee728b)
Start importing Assets/POLYGON city pack/Meshes,textures/traffic signs FBX/slow sign texture.png using Guid(1565dc52d73fc7240978247cc40ce757) Importer(815301076,1909f56bfc062723c751e8b465ee728b)  -> (artifact id: '3c5b2a72337fbc0e41ccbdc9a20959cb') in 0.053278 seconds 
========================================================================
Received Import Request.
  Time since last request: 0.000031 seconds.
  path: Assets/POLYGON city pack/Meshes,textures/props_FBX/BurgerSho_Sign.fbx
  artifactKey: Guid(d616995adade3b44e859e01e16febbd4) Importer(815301076,1909f56bfc062723c751e8b465ee728b)
Start importing Assets/POLYGON city pack/Meshes,textures/props_FBX/BurgerSho_Sign.fbx using Guid(d616995adade3b44e859e01e16febbd4) Importer(815301076,1909f56bfc062723c751e8b465ee728b)  -> (artifact id: '2826b9c88aeaae9f62cb598c819313a3') in 0.071832 seconds 
========================================================================
Received Import Request.
  Time since last request: 0.000036 seconds.
  path: Assets/POLYGON city pack/Materials/Material_meshs/Sign_speed_10.mat
  artifactKey: Guid(61cea1addb183bb4e8d982811f186a3d) Importer(815301076,1909f56bfc062723c751e8b465ee728b)
Start importing Assets/POLYGON city pack/Materials/Material_meshs/Sign_speed_10.mat using Guid(61cea1addb183bb4e8d982811f186a3d) Importer(815301076,1909f56bfc062723c751e8b465ee728b)  -> (artifact id: 'ff6ba5036b0ca41daee503bf87f5c004') in 0.048104 seconds 
========================================================================
Received Import Request.
  Time since last request: 0.000024 seconds.
  path: Assets/POLYGON city pack/Prefabs/traffic signs/slow sign.prefab
  artifactKey: Guid(475374e8b1fe09a44a5855a8d902f099) Importer(815301076,1909f56bfc062723c751e8b465ee728b)
Start importing Assets/POLYGON city pack/Prefabs/traffic signs/slow sign.prefab using Guid(475374e8b1fe09a44a5855a8d902f099) Importer(815301076,1909f56bfc062723c751e8b465ee728b)  -> (artifact id: 'e45f1619919d1981243086b47a46b60d') in 0.057197 seconds 
========================================================================
Received Import Request.
  Time since last request: 0.000023 seconds.
  path: Assets/POLYGON city pack/Meshes,textures/traffic signs FBX/Materials/slow sign texture.mat
  artifactKey: Guid(988ec8abf5760404db13462487f5f121) Importer(815301076,1909f56bfc062723c751e8b465ee728b)
Start importing Assets/POLYGON city pack/Meshes,textures/traffic signs FBX/Materials/slow sign texture.mat using Guid(988ec8abf5760404db13462487f5f121) Importer(815301076,1909f56bfc062723c751e8b465ee728b)  -> (artifact id: 'e0516b7164b480415ffe74f6caa192b8') in 0.033606 seconds 
========================================================================
Received Import Request.
  Time since last request: 0.000021 seconds.
  path: Assets/POLYGON city pack/Meshes,textures/props_FBX/Materials/bus stop sign texture 1.mat
  artifactKey: Guid(cd390278db096df4da44c5a22014888f) Importer(815301076,1909f56bfc062723c751e8b465ee728b)
Start importing Assets/POLYGON city pack/Meshes,textures/props_FBX/Materials/bus stop sign texture 1.mat using Guid(cd390278db096df4da44c5a22014888f) Importer(815301076,1909f56bfc062723c751e8b465ee728b)  -> (artifact id: 'fa589a31c7ea85dce7f5cfebddb557d2') in 0.021147 seconds 
========================================================================
Received Import Request.
  Time since last request: 0.000027 seconds.
  path: Assets/POLYGON city pack/Meshes,textures/traffic signs FBX/parking sign.fbx
  artifactKey: Guid(a3a0d2f74420ab445b5554576bb02768) Importer(815301076,1909f56bfc062723c751e8b465ee728b)
Start importing Assets/POLYGON city pack/Meshes,textures/traffic signs FBX/parking sign.fbx using Guid(a3a0d2f74420ab445b5554576bb02768) Importer(815301076,1909f56bfc062723c751e8b465ee728b)  -> (artifact id: '2ed1f3f0204803d950200de70e9f863e') in 0.035381 seconds 
========================================================================
Received Import Request.
  Time since last request: 0.000026 seconds.
  path: Assets/POLYGON city pack/Meshes,textures/traffic signs FBX/ traffic sign 6.fbx
  artifactKey: Guid(ba8a17293610fc5449127ea52bc38663) Importer(815301076,1909f56bfc062723c751e8b465ee728b)
Start importing Assets/POLYGON city pack/Meshes,textures/traffic signs FBX/ traffic sign 6.fbx using Guid(ba8a17293610fc5449127ea52bc38663) Importer(815301076,1909f56bfc062723c751e8b465ee728b)  -> (artifact id: 'cea210ffd80671d6d9e619f61fdc9985') in 0.048177 seconds 
========================================================================
Received Import Request.
  Time since last request: 0.000032 seconds.
  path: Assets/POLYGON city pack/Meshes,textures/props_FBX/platt 5 sign part.fbx
  artifactKey: Guid(5cef84201ea937d44973d68b5cde132c) Importer(815301076,1909f56bfc062723c751e8b465ee728b)
Start importing Assets/POLYGON city pack/Meshes,textures/props_FBX/platt 5 sign part.fbx using Guid(5cef84201ea937d44973d68b5cde132c) Importer(815301076,1909f56bfc062723c751e8b465ee728b)  -> (artifact id: 'a64612c23063ecdb962ee4afad553275') in 0.034919 seconds 
========================================================================
Received Import Request.
  Time since last request: 0.000023 seconds.
  path: Assets/POLYGON city pack/Meshes,textures/traffic signs FBX/road  traffic sign.png
  artifactKey: Guid(5d74f2f42095d5749bfd3e83bb58195f) Importer(815301076,1909f56bfc062723c751e8b465ee728b)
Start importing Assets/POLYGON city pack/Meshes,textures/traffic signs FBX/road  traffic sign.png using Guid(5d74f2f42095d5749bfd3e83bb58195f) Importer(815301076,1909f56bfc062723c751e8b465ee728b)  -> (artifact id: 'd58ac2c899277bdf468f9fa934ec4c7a') in 0.018759 seconds 
========================================================================
Received Import Request.
  Time since last request: 0.000027 seconds.
  path: Assets/POLYGON city pack/Meshes,textures/traffic signs FBX/Materials/speed_limit_sign_10.mat
  artifactKey: Guid(655f16248ce413946bf0914ce6c148fa) Importer(815301076,1909f56bfc062723c751e8b465ee728b)
Start importing Assets/POLYGON city pack/Meshes,textures/traffic signs FBX/Materials/speed_limit_sign_10.mat using Guid(655f16248ce413946bf0914ce6c148fa) Importer(815301076,1909f56bfc062723c751e8b465ee728b)  -> (artifact id: 'f889644c95cd1f35d14eba41d81aa333') in 0.027134 seconds 
========================================================================
Received Import Request.
  Time since last request: 0.000028 seconds.
  path: Assets/POLYGON city pack/Materials/Material_meshs/Sign_slow.mat
  artifactKey: Guid(375db1c03c0a2594185895a66be6ce0a) Importer(815301076,1909f56bfc062723c751e8b465ee728b)
Start importing Assets/POLYGON city pack/Materials/Material_meshs/Sign_slow.mat using Guid(375db1c03c0a2594185895a66be6ce0a) Importer(815301076,1909f56bfc062723c751e8b465ee728b)  -> (artifact id: 'c83d287601baa00ca19a7ba7898eb095') in 0.027026 seconds 
========================================================================
Received Import Request.
  Time since last request: 0.000021 seconds.
  path: Assets/POLYGON city pack/Meshes,textures/props_FBX/platt 4 sign part.fbx
  artifactKey: Guid(2ff487a520c224d4898eb6447171d442) Importer(815301076,1909f56bfc062723c751e8b465ee728b)
Start importing Assets/POLYGON city pack/Meshes,textures/props_FBX/platt 4 sign part.fbx using Guid(2ff487a520c224d4898eb6447171d442) Importer(815301076,1909f56bfc062723c751e8b465ee728b)  -> (artifact id: '1ff68471335942a1f2dc99e0c426b4a8') in 0.033414 seconds 
========================================================================
Received Import Request.
  Time since last request: 0.000023 seconds.
  path: Assets/POLYGON city pack/Materials/Material_meshs/BurgerSho_Sign.mat
  artifactKey: Guid(b3e3e670762d9c941b09bd6e7a5789f4) Importer(815301076,1909f56bfc062723c751e8b465ee728b)
Start importing Assets/POLYGON city pack/Materials/Material_meshs/BurgerSho_Sign.mat using Guid(b3e3e670762d9c941b09bd6e7a5789f4) Importer(815301076,1909f56bfc062723c751e8b465ee728b)  -> (artifact id: '8f270050c6aafcfc83f13887a1145beb') in 0.021664 seconds 
========================================================================
Received Import Request.
  Time since last request: 0.000023 seconds.
  path: Assets/POLYGON city pack/Meshes,textures/traffic signs FBX/Materials/speed_limit_sign_50.mat
  artifactKey: Guid(30a33605654b13e438d43b4c8cc697bb) Importer(815301076,1909f56bfc062723c751e8b465ee728b)
Start importing Assets/POLYGON city pack/Meshes,textures/traffic signs FBX/Materials/speed_limit_sign_50.mat using Guid(30a33605654b13e438d43b4c8cc697bb) Importer(815301076,1909f56bfc062723c751e8b465ee728b)  -> (artifact id: 'dd56a183074493b326c0bddb5da63c4b') in 0.030094 seconds 
========================================================================
Received Import Request.
  Time since last request: 0.000023 seconds.
  path: Assets/POLYGON city pack/Prefabs/Props/platt sign 4 prefab.prefab
  artifactKey: Guid(8375612b26134aa47966b68d5e0b25bb) Importer(815301076,1909f56bfc062723c751e8b465ee728b)
Start importing Assets/POLYGON city pack/Prefabs/Props/platt sign 4 prefab.prefab using Guid(8375612b26134aa47966b68d5e0b25bb) Importer(815301076,1909f56bfc062723c751e8b465ee728b)  -> (artifact id: '6a7b1e0c4471fc2cd3827ccf7539c48e') in 0.026351 seconds 
========================================================================
Received Import Request.
  Time since last request: 0.000033 seconds.
  path: Assets/POLYGON city pack/Meshes,textures/props_FBX/platt 2 sign part.fbx
  artifactKey: Guid(a99224871948ce64aaee48cf13266f97) Importer(815301076,1909f56bfc062723c751e8b465ee728b)
Start importing Assets/POLYGON city pack/Meshes,textures/props_FBX/platt 2 sign part.fbx using Guid(a99224871948ce64aaee48cf13266f97) Importer(815301076,1909f56bfc062723c751e8b465ee728b)  -> (artifact id: '4ffbfc897e883c98011a57a3b753ff6d') in 0.034757 seconds 
========================================================================
Received Import Request.
  Time since last request: 0.000026 seconds.
  path: Assets/POLYGON city pack/Meshes,textures/props_FBX/Materials/bus stop sign texture.mat
  artifactKey: Guid(fe8cf9c3c842913439a86fe0619f7be9) Importer(815301076,1909f56bfc062723c751e8b465ee728b)
Start importing Assets/POLYGON city pack/Meshes,textures/props_FBX/Materials/bus stop sign texture.mat using Guid(fe8cf9c3c842913439a86fe0619f7be9) Importer(815301076,1909f56bfc062723c751e8b465ee728b)  -> (artifact id: 'a7ea65658aee766c5c973350133b49b8') in 0.030481 seconds 
========================================================================
Received Import Request.
  Time since last request: 0.000022 seconds.
  path: Assets/POLYGON city pack/Meshes,textures/Shops_FBX/Materials/Info_sign_01.mat
  artifactKey: Guid(b48635d2150e72b4b9122f09693e27a6) Importer(815301076,1909f56bfc062723c751e8b465ee728b)
Start importing Assets/POLYGON city pack/Meshes,textures/Shops_FBX/Materials/Info_sign_01.mat using Guid(b48635d2150e72b4b9122f09693e27a6) Importer(815301076,1909f56bfc062723c751e8b465ee728b)  -> (artifact id: 'dbbd123b935de6521180773b2e8452d4') in 0.027162 seconds 
========================================================================
Received Import Request.
  Time since last request: 0.000023 seconds.
  path: Assets/POLYGON city pack/Materials/Material_meshs/Sign_parking.mat
  artifactKey: Guid(9b60638852f2e1c46a28db8be414a5ea) Importer(815301076,1909f56bfc062723c751e8b465ee728b)
Start importing Assets/POLYGON city pack/Materials/Material_meshs/Sign_parking.mat using Guid(9b60638852f2e1c46a28db8be414a5ea) Importer(815301076,1909f56bfc062723c751e8b465ee728b)  -> (artifact id: '17a774f251ee2f703e5030427f7fac43') in 0.021846 seconds 
========================================================================
Received Import Request.
  Time since last request: 0.000029 seconds.
  path: Assets/POLYGON city pack/Materials/Material_meshs/Sign_speed_ 25.mat
  artifactKey: Guid(022538b5b0bd7134b9c3c564669efd06) Importer(815301076,1909f56bfc062723c751e8b465ee728b)
Start importing Assets/POLYGON city pack/Materials/Material_meshs/Sign_speed_ 25.mat using Guid(022538b5b0bd7134b9c3c564669efd06) Importer(815301076,1909f56bfc062723c751e8b465ee728b)  -> (artifact id: '17fbe7bbf6310c0a5beda533c0b2cf11') in 0.035125 seconds 
========================================================================
Received Import Request.
  Time since last request: 0.000026 seconds.
  path: Assets/POLYGON city pack/Meshes,textures/traffic signs FBX/ traffic sign 5.fbx
  artifactKey: Guid(8083cf2924f996c40934f9ef3fc85a49) Importer(815301076,1909f56bfc062723c751e8b465ee728b)
Start importing Assets/POLYGON city pack/Meshes,textures/traffic signs FBX/ traffic sign 5.fbx using Guid(8083cf2924f996c40934f9ef3fc85a49) Importer(815301076,1909f56bfc062723c751e8b465ee728b)  -> (artifact id: '8a24c423448b46fc4957c79a6dc83ce9') in 0.035403 seconds 
========================================================================
Received Import Request.
  Time since last request: 0.000026 seconds.
  path: Assets/POLYGON city pack/Meshes,textures/traffic signs FBX/traffic sign speed.fbx
  artifactKey: Guid(ef50263e655d691489d780fa88bafbbb) Importer(815301076,1909f56bfc062723c751e8b465ee728b)
Start importing Assets/POLYGON city pack/Meshes,textures/traffic signs FBX/traffic sign speed.fbx using Guid(ef50263e655d691489d780fa88bafbbb) Importer(815301076,1909f56bfc062723c751e8b465ee728b)  -> (artifact id: 'b873858016ad651364cb889f9f47197b') in 0.037054 seconds 
========================================================================
Received Import Request.
  Time since last request: 0.000037 seconds.
  path: Assets/POLYGON city pack/Meshes,textures/props_FBX/Materials/BurgerShop_sign.mat
  artifactKey: Guid(a9c8ec522c4d2b945b9c343fdd730b26) Importer(815301076,1909f56bfc062723c751e8b465ee728b)
Start importing Assets/POLYGON city pack/Meshes,textures/props_FBX/Materials/BurgerShop_sign.mat using Guid(a9c8ec522c4d2b945b9c343fdd730b26) Importer(815301076,1909f56bfc062723c751e8b465ee728b)  -> (artifact id: 'b632f2d0498252aa7eb0effd81bf9fb1') in 0.025950 seconds 
========================================================================
Received Import Request.
  Time since last request: 0.000017 seconds.
  path: Assets/POLYGON city pack/Meshes,textures/traffic signs FBX/speed_limit_sign_25.png
  artifactKey: Guid(a7ed544c95aff5b4495b273cd2c8e484) Importer(815301076,1909f56bfc062723c751e8b465ee728b)
Start importing Assets/POLYGON city pack/Meshes,textures/traffic signs FBX/speed_limit_sign_25.png using Guid(a7ed544c95aff5b4495b273cd2c8e484) Importer(815301076,1909f56bfc062723c751e8b465ee728b)  -> (artifact id: 'fb13302480b797f9b2af11e17ee02256') in 0.024972 seconds 
========================================================================
Received Import Request.
  Time since last request: 0.000018 seconds.
  path: Assets/POLYGON city pack/Materials/Material_meshs/Sign_traffic 3.mat
  artifactKey: Guid(6de6fe3ba14a14848a5014692825ee59) Importer(815301076,1909f56bfc062723c751e8b465ee728b)
Start importing Assets/POLYGON city pack/Materials/Material_meshs/Sign_traffic 3.mat using Guid(6de6fe3ba14a14848a5014692825ee59) Importer(815301076,1909f56bfc062723c751e8b465ee728b)  -> (artifact id: '0d87889a8c4de6ff9334b18c045d232a') in 0.028676 seconds 
========================================================================
Received Import Request.
  Time since last request: 0.000022 seconds.
  path: Assets/POLYGON city pack/Materials/Material_meshs/speed_limit_sign_50.mat
  artifactKey: Guid(90dd11efc0b3efc40a8903f17cbb72a2) Importer(815301076,1909f56bfc062723c751e8b465ee728b)
Start importing Assets/POLYGON city pack/Materials/Material_meshs/speed_limit_sign_50.mat using Guid(90dd11efc0b3efc40a8903f17cbb72a2) Importer(815301076,1909f56bfc062723c751e8b465ee728b)  -> (artifact id: 'a55656fa868bc914a53f3bd93e937082') in 0.027438 seconds 
========================================================================
Received Import Request.
  Time since last request: 0.000024 seconds.
  path: Assets/POLYGON city pack/Meshes,textures/traffic signs FBX/slow sign.fbx
  artifactKey: Guid(10d9b529afc6de643b2f976b1b4d6c72) Importer(815301076,1909f56bfc062723c751e8b465ee728b)
Start importing Assets/POLYGON city pack/Meshes,textures/traffic signs FBX/slow sign.fbx using Guid(10d9b529afc6de643b2f976b1b4d6c72) Importer(815301076,1909f56bfc062723c751e8b465ee728b)  -> (artifact id: '7bf4737be05f6e0d38f83e929b8ab13c') in 0.037089 seconds 
========================================================================
Received Import Request.
  Time since last request: 0.000023 seconds.
  path: Assets/POLYGON city pack/Prefabs/Props/Hospital_sign prefab.prefab
  artifactKey: Guid(59f2f37d570039d41891cb6cb0bf2011) Importer(815301076,1909f56bfc062723c751e8b465ee728b)
Start importing Assets/POLYGON city pack/Prefabs/Props/Hospital_sign prefab.prefab using Guid(59f2f37d570039d41891cb6cb0bf2011) Importer(815301076,1909f56bfc062723c751e8b465ee728b)  -> (artifact id: '620e9492b67b69fb0e9ade09d5943bfd') in 0.041157 seconds 
========================================================================
Received Import Request.
  Time since last request: 0.000022 seconds.
  path: Assets/POLYGON city pack/Prefabs/Props/platt sign 3 prefab.prefab
  artifactKey: Guid(99bdf8c075f79ec499c340f68f8d6ca2) Importer(815301076,1909f56bfc062723c751e8b465ee728b)
Start importing Assets/POLYGON city pack/Prefabs/Props/platt sign 3 prefab.prefab using Guid(99bdf8c075f79ec499c340f68f8d6ca2) Importer(815301076,1909f56bfc062723c751e8b465ee728b)  -> (artifact id: '53e8520c0edc2b1dd1658c5a65a36d26') in 0.025268 seconds 
========================================================================
Received Import Request.
  Time since last request: 0.000104 seconds.
  path: Assets/POLYGON city pack/Meshes,textures/props_FBX/bus stop sign texture 1.png
  artifactKey: Guid(8c4a916e93a439b4c8becf84d7a10869) Importer(815301076,1909f56bfc062723c751e8b465ee728b)
Start importing Assets/POLYGON city pack/Meshes,textures/props_FBX/bus stop sign texture 1.png using Guid(8c4a916e93a439b4c8becf84d7a10869) Importer(815301076,1909f56bfc062723c751e8b465ee728b)  -> (artifact id: '0c5c0e52c186897962cdc717e34d076b') in 0.020875 seconds 
========================================================================
Received Import Request.
  Time since last request: 0.000026 seconds.
  path: Assets/POLYGON city pack/Meshes,textures/Shops_FBX/Materials/Signs.mat
  artifactKey: Guid(415c382db9d27304ba5dbf29012f5e77) Importer(815301076,1909f56bfc062723c751e8b465ee728b)
Start importing Assets/POLYGON city pack/Meshes,textures/Shops_FBX/Materials/Signs.mat using Guid(415c382db9d27304ba5dbf29012f5e77) Importer(815301076,1909f56bfc062723c751e8b465ee728b)  -> (artifact id: 'f3b0ae22c25b90ea33289027044cc38c') in 0.029038 seconds 
========================================================================
Received Import Request.
  Time since last request: 0.000020 seconds.
  path: Assets/POLYGON city pack/Meshes,textures/traffic signs FBX/stop sign.fbx
  artifactKey: Guid(a55dc0d26aba2a04da294edcb980fc0b) Importer(815301076,1909f56bfc062723c751e8b465ee728b)
Start importing Assets/POLYGON city pack/Meshes,textures/traffic signs FBX/stop sign.fbx using Guid(a55dc0d26aba2a04da294edcb980fc0b) Importer(815301076,1909f56bfc062723c751e8b465ee728b)  -> (artifact id: '17262c4564b1ed70e4e4b863ae666d2e') in 0.032383 seconds 
========================================================================
Received Import Request.
  Time since last request: 0.000022 seconds.
  path: Assets/POLYGON city pack/Prefabs/Props/platt sign 1 prefab.prefab
  artifactKey: Guid(d646b8ef31f0dac4aac6c8c3c1be41ef) Importer(815301076,1909f56bfc062723c751e8b465ee728b)
Start importing Assets/POLYGON city pack/Prefabs/Props/platt sign 1 prefab.prefab using Guid(d646b8ef31f0dac4aac6c8c3c1be41ef) Importer(815301076,1909f56bfc062723c751e8b465ee728b)  -> (artifact id: '450f15c1f523beb1e9094375b59d82a4') in 0.028286 seconds 
========================================================================
Received Import Request.
  Time since last request: 0.000023 seconds.
  path: Assets/POLYGON city pack/Meshes,textures/props_FBX/Hospital_sign.fbx
  artifactKey: Guid(b39d439f864b73443b752b76f2c3911e) Importer(815301076,1909f56bfc062723c751e8b465ee728b)
Start importing Assets/POLYGON city pack/Meshes,textures/props_FBX/Hospital_sign.fbx using Guid(b39d439f864b73443b752b76f2c3911e) Importer(815301076,1909f56bfc062723c751e8b465ee728b)  -> (artifact id: 'ce6bf113e7deeb5924f93f29eb809181') in 0.036992 seconds 
========================================================================
Received Import Request.
  Time since last request: 0.000024 seconds.
  path: Assets/POLYGON city pack/Prefabs/Props/platt sign 2 prefab.prefab
  artifactKey: Guid(63708caac38471a45b6ba845efc890e8) Importer(815301076,1909f56bfc062723c751e8b465ee728b)
Start importing Assets/POLYGON city pack/Prefabs/Props/platt sign 2 prefab.prefab using Guid(63708caac38471a45b6ba845efc890e8) Importer(815301076,1909f56bfc062723c751e8b465ee728b)  -> (artifact id: '7131cba7a955e1c49c32ec217490ea3f') in 0.023977 seconds 
========================================================================
Received Import Request.
  Time since last request: 0.000027 seconds.
  path: Assets/POLYGON city pack/Meshes,textures/traffic signs FBX/Materials/parking sign.mat
  artifactKey: Guid(0f5ddd6b44e585643a5a1f13ef748f10) Importer(815301076,1909f56bfc062723c751e8b465ee728b)
Start importing Assets/POLYGON city pack/Meshes,textures/traffic signs FBX/Materials/parking sign.mat using Guid(0f5ddd6b44e585643a5a1f13ef748f10) Importer(815301076,1909f56bfc062723c751e8b465ee728b)  -> (artifact id: '7e15a31caa8abf0023b70b9cf2fe735e') in 0.020208 seconds 
========================================================================
Received Import Request.
  Time since last request: 0.000025 seconds.
  path: Assets/POLYGON city pack/Materials/Material_meshs/Sign_speed_ 70.mat
  artifactKey: Guid(d22294ef304578243b15ec1189c98625) Importer(815301076,1909f56bfc062723c751e8b465ee728b)
Start importing Assets/POLYGON city pack/Materials/Material_meshs/Sign_speed_ 70.mat using Guid(d22294ef304578243b15ec1189c98625) Importer(815301076,1909f56bfc062723c751e8b465ee728b)  -> (artifact id: '2cb091e204f626b38feb1ae48406fb1b') in 0.033289 seconds 
========================================================================
Received Import Request.
  Time since last request: 0.000037 seconds.
  path: Assets/POLYGON city pack/Meshes,textures/traffic signs FBX/parking sign.png
  artifactKey: Guid(4952f8b1e8c754f46a835d972bcf4479) Importer(815301076,1909f56bfc062723c751e8b465ee728b)
Start importing Assets/POLYGON city pack/Meshes,textures/traffic signs FBX/parking sign.png using Guid(4952f8b1e8c754f46a835d972bcf4479) Importer(815301076,1909f56bfc062723c751e8b465ee728b)  -> (artifact id: 'f5bd8d73cd1ff1101255f55fc27ac767') in 0.019444 seconds 
========================================================================
Received Prepare
Registering precompiled user dll's ...
Registered in 0.007594 seconds.
Begin MonoManager ReloadAssembly
Symbol file LoadedFromMemory doesn't match image C:\Users\Aleksandr\Documents\GitHub\UnityGame\UnityGame\Library\PackageCache\com.unity.visualscripting@1.8.0\Editor\VisualScripting.Core\Dependencies\YamlDotNet\Unity.VisualScripting.YamlDotNet.dll
Symbol file LoadedFromMemory doesn't match image C:\Users\Aleksandr\Documents\GitHub\UnityGame\UnityGame\Library\PackageCache\com.unity.visualscripting@1.8.0\Editor\VisualScripting.Core\Dependencies\DotNetZip\Unity.VisualScripting.IonicZip.dll
Native extension for WindowsStandalone target not found
Native extension for WebGL target not found
Refreshing native plugins compatible for Editor in 0.67 ms, found 3 plugins.
Preloading 0 native plugins for Editor in 0.00 ms.
Mono: successfully reloaded assembly
- Completed reload, in  2.088 seconds
Domain Reload Profiling:
	ReloadAssembly (2089ms)
		BeginReloadAssembly (219ms)
			ExecutionOrderSort (0ms)
			DisableScriptedObjects (7ms)
			BackupInstance (0ms)
			ReleaseScriptingObjects (0ms)
			CreateAndSetChildDomain (53ms)
		EndReloadAssembly (1687ms)
			LoadAssemblies (146ms)
			RebuildTransferFunctionScriptingTraits (0ms)
			SetupTypeCache (657ms)
			ReleaseScriptCaches (3ms)
			RebuildScriptCaches (115ms)
			SetupLoadedEditorAssemblies (626ms)
				LogAssemblyErrors (0ms)
				InitializePlatformSupportModulesInManaged (20ms)
				SetLoadedEditorAssemblies (3ms)
				RefreshPlugins (1ms)
				BeforeProcessingInitializeOnLoad (167ms)
				ProcessInitializeOnLoadAttributes (373ms)
				ProcessInitializeOnLoadMethodAttributes (42ms)
				AfterProcessingInitializeOnLoad (21ms)
				EditorAssembliesLoaded (0ms)
			ExecutionOrderSort2 (0ms)
			AwakeInstancesAfterBackupRestoration (13ms)
Platform modules already initialized, skipping
Refreshing native plugins compatible for Editor in 5.28 ms, found 3 plugins.
Preloading 0 native plugins for Editor in 0.00 ms.
Unloading 3045 Unused Serialized files (Serialized files now loaded: 0)
Unloading 15 unused Assets / (24.7 KB). Loaded Objects now: 3594.
Memory consumption went from 136.2 MB to 136.1 MB.
Total: 3.560700 ms (FindLiveObjects: 0.310700 ms CreateObjectMapping: 0.095200 ms MarkObjects: 3.130000 ms  DeleteObjects: 0.023700 ms)

AssetImportParameters requested are different than current active one (requested -> active):
  custom:video-decoder-ogg-theora: a1e56fd34408186e4bbccfd4996cb3dc -> 
  custom:container-muxer-webm: aa71ff27fc2769a1b78a27578f13a17b -> 
  custom:container-demuxer-webm: 4f35f7cbe854078d1ac9338744f61a02 -> 
  custom:video-encoder-webm-vp8: eb34c28f22e8b96e1ab97ce403110664 -> 
  custom:audio-encoder-webm-vorbis: bf7c407c2cedff20999df2af8eb42d56 -> 
  custom:framework-win-MediaFoundation: 216162199b28c13a410421893ffa2e32 -> 
  custom:container-demuxer-ogg: 62fdf1f143b41e24485cea50d1cbac27 -> 
  custom:video-decoder-webm-vp8: 9c59270c3fd7afecdb556c50c9e8de78 -> 
  custom:audio-decoder-ogg-vorbis: bf7c407c2cedff20999df2af8eb42d56 -> 
========================================================================
Received Import Request.
  Time since last request: 82.901409 seconds.
  path: Assets/Sample- Low Poly Nature Assets/Meshes/BirchTree_3.fbx
  artifactKey: Guid(aa6c98d19e218414f94fe9183e3f9c0a) Importer(815301076,1909f56bfc062723c751e8b465ee728b)
Start importing Assets/Sample- Low Poly Nature Assets/Meshes/BirchTree_3.fbx using Guid(aa6c98d19e218414f94fe9183e3f9c0a) Importer(815301076,1909f56bfc062723c751e8b465ee728b)  -> (artifact id: '4955ae97833c7426ee041abc943b9256') in 0.159650 seconds 
========================================================================
Received Import Request.
  Time since last request: 0.000038 seconds.
  path: Assets/POLYGON city pack/Materials/Material_meshs/street 2.mat
  artifactKey: Guid(af0582a2d4252d44e947c6cffcd45186) Importer(815301076,1909f56bfc062723c751e8b465ee728b)
Start importing Assets/POLYGON city pack/Materials/Material_meshs/street 2.mat using Guid(af0582a2d4252d44e947c6cffcd45186) Importer(815301076,1909f56bfc062723c751e8b465ee728b)  -> (artifact id: '8937a94dcff71af1b61238c94593b6ae') in 0.046298 seconds 
========================================================================
Received Import Request.
  Time since last request: 0.000037 seconds.
  path: Assets/POLYGON city pack/Prefabs/Floor/Street 6 Prefab.prefab
  artifactKey: Guid(9cf6fe41a87aee14499e9aa67b6e1e2b) Importer(815301076,1909f56bfc062723c751e8b465ee728b)
Start importing Assets/POLYGON city pack/Prefabs/Floor/Street 6 Prefab.prefab using Guid(9cf6fe41a87aee14499e9aa67b6e1e2b) Importer(815301076,1909f56bfc062723c751e8b465ee728b)  -> (artifact id: '9e87441fe889ff6c6edf370f7e536cb4') in 0.050025 seconds 
========================================================================
Received Import Request.
  Time since last request: 0.000024 seconds.
  path: Assets/POLYGON city pack/Meshes,textures/Shops_FBX/Materials/Street.mat
  artifactKey: Guid(290fd4174e49c64499d7ec94dbd7e10e) Importer(815301076,1909f56bfc062723c751e8b465ee728b)
Start importing Assets/POLYGON city pack/Meshes,textures/Shops_FBX/Materials/Street.mat using Guid(290fd4174e49c64499d7ec94dbd7e10e) Importer(815301076,1909f56bfc062723c751e8b465ee728b)  -> (artifact id: 'dfd184ba5e0592bc48175a7c0b5daa06') in 0.038298 seconds 
========================================================================
Received Import Request.
  Time since last request: 0.000034 seconds.
  path: Assets/POLYGON city pack/Prefabs/Floor/Street 4 8M prefab.prefab
  artifactKey: Guid(107e21d49b4ce0043a91771c91ae6c8c) Importer(815301076,1909f56bfc062723c751e8b465ee728b)
Start importing Assets/POLYGON city pack/Prefabs/Floor/Street 4 8M prefab.prefab using Guid(107e21d49b4ce0043a91771c91ae6c8c) Importer(815301076,1909f56bfc062723c751e8b465ee728b)  -> (artifact id: 'fd8bbc7993a001f0856588058b9486c3') in 0.032058 seconds 
========================================================================
Received Import Request.
  Time since last request: 0.000019 seconds.
  path: Assets/BrokenVector/LowPolyTreePack/Textures/Colorsheet Tree Cold.png
  artifactKey: Guid(ed297eb21cb5e5e4188600ba2d272554) Importer(815301076,1909f56bfc062723c751e8b465ee728b)
Start importing Assets/BrokenVector/LowPolyTreePack/Textures/Colorsheet Tree Cold.png using Guid(ed297eb21cb5e5e4188600ba2d272554) Importer(815301076,1909f56bfc062723c751e8b465ee728b)  -> (artifact id: '358e47e4c92dd6a996ba5fb391dc3b6b') in 0.043613 seconds 
========================================================================
Received Import Request.
  Time since last request: 0.000021 seconds.
  path: Assets/POLYGON city pack/Materials/Material_meshs/street 1.mat
  artifactKey: Guid(8c68b30c228ba1e478ff2433f4f83ba0) Importer(815301076,1909f56bfc062723c751e8b465ee728b)
Start importing Assets/POLYGON city pack/Materials/Material_meshs/street 1.mat using Guid(8c68b30c228ba1e478ff2433f4f83ba0) Importer(815301076,1909f56bfc062723c751e8b465ee728b)  -> (artifact id: '11b5044270dcdf6d39eeae42c574a1ea') in 0.043138 seconds 
========================================================================
Received Import Request.
  Time since last request: 0.000025 seconds.
  path: Assets/POLYGON city pack/Meshes,textures/props_FBX/Pot_tree.fbx
  artifactKey: Guid(495aba848fd785f43bf771270ddea3dc) Importer(815301076,1909f56bfc062723c751e8b465ee728b)
Start importing Assets/POLYGON city pack/Meshes,textures/props_FBX/Pot_tree.fbx using Guid(495aba848fd785f43bf771270ddea3dc) Importer(815301076,1909f56bfc062723c751e8b465ee728b)  -> (artifact id: 'd874e7b61eba5ffa64f8b6a05bc6211c') in 0.074759 seconds 
========================================================================
Received Import Request.
  Time since last request: 0.000032 seconds.
  path: Assets/POLYGON city pack/Materials/Material_meshs/street 3.mat
  artifactKey: Guid(7e20040aa26e36443b2ae6d45e7b8ff6) Importer(815301076,1909f56bfc062723c751e8b465ee728b)
Start importing Assets/POLYGON city pack/Materials/Material_meshs/street 3.mat using Guid(7e20040aa26e36443b2ae6d45e7b8ff6) Importer(815301076,1909f56bfc062723c751e8b465ee728b)  -> (artifact id: '16878f02bae25477a60aa7f67a55e8e0') in 0.031484 seconds 
========================================================================
Received Import Request.
  Time since last request: 0.000036 seconds.
  path: Assets/POLYGON city pack/Prefabs/Floor/Street 11 Prefab.prefab
  artifactKey: Guid(40f811db462dd7b4db94f7634d68e2aa) Importer(815301076,1909f56bfc062723c751e8b465ee728b)
Start importing Assets/POLYGON city pack/Prefabs/Floor/Street 11 Prefab.prefab using Guid(40f811db462dd7b4db94f7634d68e2aa) Importer(815301076,1909f56bfc062723c751e8b465ee728b)  -> (artifact id: '80d732b2d88eccfd975148dc987e875d') in 0.049914 seconds 
========================================================================
Received Import Request.
  Time since last request: 0.000018 seconds.
  path: Assets/POLYGON city pack/Materials/Material_meshs/street 4.mat
  artifactKey: Guid(e392b3db3896de742a7fe9186046092b) Importer(815301076,1909f56bfc062723c751e8b465ee728b)
Start importing Assets/POLYGON city pack/Materials/Material_meshs/street 4.mat using Guid(e392b3db3896de742a7fe9186046092b) Importer(815301076,1909f56bfc062723c751e8b465ee728b)  -> (artifact id: '5e078c78e0c06219ed8790474b4c33ff') in 0.027951 seconds 
========================================================================
Received Import Request.
  Time since last request: 0.000023 seconds.
  path: Assets/POLYGON city pack/Meshes,textures/props_FBX/StoneStreet.fbx
  artifactKey: Guid(5c4528ddaa8635047b3adcd62e70ac12) Importer(815301076,1909f56bfc062723c751e8b465ee728b)
Start importing Assets/POLYGON city pack/Meshes,textures/props_FBX/StoneStreet.fbx using Guid(5c4528ddaa8635047b3adcd62e70ac12) Importer(815301076,1909f56bfc062723c751e8b465ee728b)  -> (artifact id: '2cc0ba9554b17c478cbef4e0c3ee1885') in 0.042655 seconds 
========================================================================
Received Import Request.
  Time since last request: 0.000021 seconds.
  path: Assets/POLYGON city pack/Prefabs/Floor/Street 10 Prefab.prefab
  artifactKey: Guid(d3659a253442a2d48b9e5a13a46d70e5) Importer(815301076,1909f56bfc062723c751e8b465ee728b)
Start importing Assets/POLYGON city pack/Prefabs/Floor/Street 10 Prefab.prefab using Guid(d3659a253442a2d48b9e5a13a46d70e5) Importer(815301076,1909f56bfc062723c751e8b465ee728b)  -> (artifact id: '90561cfdbb0930dd55568b1a52d97f91') in 0.031129 seconds 
========================================================================
Received Import Request.
  Time since last request: 0.000023 seconds.
  path: Assets/POLYGON city pack/Meshes,textures/ways_FBX/Street.png
  artifactKey: Guid(3dff680b780a2bf4898db59c61713bc8) Importer(815301076,1909f56bfc062723c751e8b465ee728b)
Start importing Assets/POLYGON city pack/Meshes,textures/ways_FBX/Street.png using Guid(3dff680b780a2bf4898db59c61713bc8) Importer(815301076,1909f56bfc062723c751e8b465ee728b)  -> (artifact id: '3973c6c8ff098280a803c0e9de9d7bd0') in 0.024753 seconds 
========================================================================
Received Import Request.
  Time since last request: 0.000031 seconds.
  path: Assets/Low Poly Free Vegetation Kit/Materials/Pine Tree Branch.mat
  artifactKey: Guid(9c0a1cda53d749f40a30a84ed1657377) Importer(815301076,1909f56bfc062723c751e8b465ee728b)
Start importing Assets/Low Poly Free Vegetation Kit/Materials/Pine Tree Branch.mat using Guid(9c0a1cda53d749f40a30a84ed1657377) Importer(815301076,1909f56bfc062723c751e8b465ee728b)  -> (artifact id: '856d39ceeba94d834609e604f25995dd') in 0.065312 seconds 
========================================================================
Received Import Request.
  Time since last request: 0.000023 seconds.
  path: Assets/POLYGON city pack/Prefabs/Floor/Street 4 Prefab.prefab
  artifactKey: Guid(adb55fed5a5012b458c398a0b618390c) Importer(815301076,1909f56bfc062723c751e8b465ee728b)
Start importing Assets/POLYGON city pack/Prefabs/Floor/Street 4 Prefab.prefab using Guid(adb55fed5a5012b458c398a0b618390c) Importer(815301076,1909f56bfc062723c751e8b465ee728b)  -> (artifact id: '0b669d6b8dd5d2b9c975cd7c2d27d20e') in 0.029468 seconds 
========================================================================
Received Import Request.
  Time since last request: 0.000021 seconds.
  path: Assets/POLYGON city pack/Prefabs/Floor/Street 4 grey 2M prefab.prefab
  artifactKey: Guid(21a7832e115724d42974d61698102f71) Importer(815301076,1909f56bfc062723c751e8b465ee728b)
Start importing Assets/POLYGON city pack/Prefabs/Floor/Street 4 grey 2M prefab.prefab using Guid(21a7832e115724d42974d61698102f71) Importer(815301076,1909f56bfc062723c751e8b465ee728b)  -> (artifact id: 'f43221b1bde093c795f43ed9b0ed7568') in 0.028005 seconds 
========================================================================
Received Import Request.
  Time since last request: 0.000021 seconds.
  path: Assets/POLYGON city pack/Prefabs/Floor/Street 1 Prefab.prefab
  artifactKey: Guid(625d4ab1ce4723c449f165b8e7f27de1) Importer(815301076,1909f56bfc062723c751e8b465ee728b)
Start importing Assets/POLYGON city pack/Prefabs/Floor/Street 1 Prefab.prefab using Guid(625d4ab1ce4723c449f165b8e7f27de1) Importer(815301076,1909f56bfc062723c751e8b465ee728b)  -> (artifact id: 'f003962224608e7b40c292a7570a6c6f') in 0.029313 seconds 
========================================================================
Received Import Request.
  Time since last request: 0.000022 seconds.
  path: Assets/POLYGON city pack/Prefabs/Floor/Street 3 Prefab.prefab
  artifactKey: Guid(2224b63330275e5478ef024b2913f937) Importer(815301076,1909f56bfc062723c751e8b465ee728b)
Start importing Assets/POLYGON city pack/Prefabs/Floor/Street 3 Prefab.prefab using Guid(2224b63330275e5478ef024b2913f937) Importer(815301076,1909f56bfc062723c751e8b465ee728b)  -> (artifact id: '083390143af3532ad8365dacc67b7d12') in 0.029386 seconds 
========================================================================
Received Import Request.
  Time since last request: 0.000023 seconds.
  path: Assets/POLYGON city pack/Prefabs/Props/Pot_tree prefab.prefab
  artifactKey: Guid(8e00364320862a746a6e67a5af5e5979) Importer(815301076,1909f56bfc062723c751e8b465ee728b)
Start importing Assets/POLYGON city pack/Prefabs/Props/Pot_tree prefab.prefab using Guid(8e00364320862a746a6e67a5af5e5979) Importer(815301076,1909f56bfc062723c751e8b465ee728b)  -> (artifact id: '4a2a7380a6b426ad652a973fc5e0d101') in 0.067971 seconds 
========================================================================
Received Import Request.
  Time since last request: 0.000023 seconds.
  path: Assets/POLYGON city pack/Prefabs/Floor/Street 5 Prefab.prefab
  artifactKey: Guid(bb22ea4214c77784c96ecc3cb6bc0608) Importer(815301076,1909f56bfc062723c751e8b465ee728b)
Start importing Assets/POLYGON city pack/Prefabs/Floor/Street 5 Prefab.prefab using Guid(bb22ea4214c77784c96ecc3cb6bc0608) Importer(815301076,1909f56bfc062723c751e8b465ee728b)  -> (artifact id: '474e73662bd3bd9698388ca41da13ace') in 0.042423 seconds 
========================================================================
Received Import Request.
  Time since last request: 0.000036 seconds.
  path: Assets/POLYGON city pack/Materials/Material_meshs/street 7.mat
  artifactKey: Guid(b991b79651d0c31409fa826ebb42f3d7) Importer(815301076,1909f56bfc062723c751e8b465ee728b)
Start importing Assets/POLYGON city pack/Materials/Material_meshs/street 7.mat using Guid(b991b79651d0c31409fa826ebb42f3d7) Importer(815301076,1909f56bfc062723c751e8b465ee728b)  -> (artifact id: 'eebdcb1e4d635261d3969f782c866813') in 0.040600 seconds 
========================================================================
Received Import Request.
  Time since last request: 0.000023 seconds.
  path: Assets/POLYGON city pack/Materials/Material_meshs/street 12.mat
  artifactKey: Guid(2bc525635b15d14438a320ee5aaafaf0) Importer(815301076,1909f56bfc062723c751e8b465ee728b)
Start importing Assets/POLYGON city pack/Materials/Material_meshs/street 12.mat using Guid(2bc525635b15d14438a320ee5aaafaf0) Importer(815301076,1909f56bfc062723c751e8b465ee728b)  -> (artifact id: 'f7ca720d9f559a206bf4418bacee908e') in 0.040325 seconds 
========================================================================
Received Import Request.
  Time since last request: 0.000024 seconds.
  path: Assets/POLYGON city pack/Materials/Material_meshs/street 11.mat
  artifactKey: Guid(6ccb05ecd9cd79b4fbc6cf7019198d6b) Importer(815301076,1909f56bfc062723c751e8b465ee728b)
Start importing Assets/POLYGON city pack/Materials/Material_meshs/street 11.mat using Guid(6ccb05ecd9cd79b4fbc6cf7019198d6b) Importer(815301076,1909f56bfc062723c751e8b465ee728b)  -> (artifact id: '76b14e6f271585e84ebf4609bb5dbed4') in 0.026877 seconds 
========================================================================
Received Import Request.
  Time since last request: 0.000018 seconds.
  path: Assets/POLYGON city pack/Prefabs/Floor/Street 12 Prefab.prefab
  artifactKey: Guid(18f25be2998f44b408dcd9ba703fd231) Importer(815301076,1909f56bfc062723c751e8b465ee728b)
Start importing Assets/POLYGON city pack/Prefabs/Floor/Street 12 Prefab.prefab using Guid(18f25be2998f44b408dcd9ba703fd231) Importer(815301076,1909f56bfc062723c751e8b465ee728b)  -> (artifact id: 'f309c205bda7cc89316822019a56589c') in 0.030253 seconds 
========================================================================
Received Import Request.
  Time since last request: 0.000020 seconds.
  path: Assets/Customizable Skybox/Materials/green tree.mat
  artifactKey: Guid(162ad232b242eb042b91b10dc755c486) Importer(815301076,1909f56bfc062723c751e8b465ee728b)
Start importing Assets/Customizable Skybox/Materials/green tree.mat using Guid(162ad232b242eb042b91b10dc755c486) Importer(815301076,1909f56bfc062723c751e8b465ee728b)  -> (artifact id: 'fa7074d97c08aeddb8b49afb06a22ea6') in 0.032391 seconds 
========================================================================
Received Import Request.
  Time since last request: 0.000022 seconds.
  path: Assets/Sample- Low Poly Nature Assets/Prefabs/BirchTree_3_Fall.prefab
  artifactKey: Guid(ec271694f23e63e4da0cd99cfe32b104) Importer(815301076,1909f56bfc062723c751e8b465ee728b)
Start importing Assets/Sample- Low Poly Nature Assets/Prefabs/BirchTree_3_Fall.prefab using Guid(ec271694f23e63e4da0cd99cfe32b104) Importer(815301076,1909f56bfc062723c751e8b465ee728b)  -> (artifact id: '4a98cd11e47ef01c71eb07333d6863ae') in 0.053055 seconds 
========================================================================
Received Import Request.
  Time since last request: 0.000026 seconds.
  path: Assets/Low Poly Free Vegetation Kit/Textures/Pine Tree Branch.png
  artifactKey: Guid(eef8afe969073cd4d9cfb6cc540b93aa) Importer(815301076,1909f56bfc062723c751e8b465ee728b)
Start importing Assets/Low Poly Free Vegetation Kit/Textures/Pine Tree Branch.png using Guid(eef8afe969073cd4d9cfb6cc540b93aa) Importer(815301076,1909f56bfc062723c751e8b465ee728b)  -> (artifact id: 'e4fcf37bc040ddfe5cb985ac34f61249') in 0.017903 seconds 
========================================================================
Received Import Request.
  Time since last request: 0.000036 seconds.
  path: Assets/POLYGON city pack/Materials/Material_meshs/street 15.mat
  artifactKey: Guid(8fb5e0bbb6ab4fd4caa5feafd9ec8aee) Importer(815301076,1909f56bfc062723c751e8b465ee728b)
Start importing Assets/POLYGON city pack/Materials/Material_meshs/street 15.mat using Guid(8fb5e0bbb6ab4fd4caa5feafd9ec8aee) Importer(815301076,1909f56bfc062723c751e8b465ee728b)  -> (artifact id: 'a7690b454d069c334af10874430c5f6f') in 0.046598 seconds 
========================================================================
Received Import Request.
  Time since last request: 0.000020 seconds.
  path: Assets/POLYGON city pack/Materials/Material_meshs/street 18.mat
  artifactKey: Guid(92f5140b79602d6439da595296ee1ebe) Importer(815301076,1909f56bfc062723c751e8b465ee728b)
Start importing Assets/POLYGON city pack/Materials/Material_meshs/street 18.mat using Guid(92f5140b79602d6439da595296ee1ebe) Importer(815301076,1909f56bfc062723c751e8b465ee728b)  -> (artifact id: 'f9f079ff7abfcc1f6bb4097d7d9e50cb') in 0.044081 seconds 
========================================================================
Received Import Request.
  Time since last request: 0.000018 seconds.
  path: Assets/POLYGON city pack/Materials/Material_meshs/street 14.mat
  artifactKey: Guid(cfe19b994291bef4da4b615db64ccdb0) Importer(815301076,1909f56bfc062723c751e8b465ee728b)
Start importing Assets/POLYGON city pack/Materials/Material_meshs/street 14.mat using Guid(cfe19b994291bef4da4b615db64ccdb0) Importer(815301076,1909f56bfc062723c751e8b465ee728b)  -> (artifact id: 'c343aa1d65dc1d04f5d57ee7b38cb5fe') in 0.045680 seconds 
========================================================================
Received Import Request.
  Time since last request: 0.000023 seconds.
  path: Assets/POLYGON city pack/Prefabs/Floor/Street 16 Prefab.prefab
  artifactKey: Guid(51e95ca17f5338949ad35bbfb27addee) Importer(815301076,1909f56bfc062723c751e8b465ee728b)
Start importing Assets/POLYGON city pack/Prefabs/Floor/Street 16 Prefab.prefab using Guid(51e95ca17f5338949ad35bbfb27addee) Importer(815301076,1909f56bfc062723c751e8b465ee728b)  -> (artifact id: '25ad4aaf03331b14d8b70fa36dc735b7') in 0.042500 seconds 
========================================================================
Received Import Request.
  Time since last request: 0.000027 seconds.
  path: Assets/POLYGON city pack/Prefabs/Floor/Street 14 Prefab.prefab
  artifactKey: Guid(dfad69e67150a0647b6f696171d22428) Importer(815301076,1909f56bfc062723c751e8b465ee728b)
Start importing Assets/POLYGON city pack/Prefabs/Floor/Street 14 Prefab.prefab using Guid(dfad69e67150a0647b6f696171d22428) Importer(815301076,1909f56bfc062723c751e8b465ee728b)  -> (artifact id: '040a5266d6887be07fcecc4df81d5766') in 0.032323 seconds 
========================================================================
Received Import Request.
  Time since last request: 0.000025 seconds.
  path: Assets/POLYGON city pack/Prefabs/Floor/Street 15 Prefab.prefab
  artifactKey: Guid(d9d6037adf22fd1488b7deceb439e078) Importer(815301076,1909f56bfc062723c751e8b465ee728b)
Start importing Assets/POLYGON city pack/Prefabs/Floor/Street 15 Prefab.prefab using Guid(d9d6037adf22fd1488b7deceb439e078) Importer(815301076,1909f56bfc062723c751e8b465ee728b)  -> (artifact id: '19eecedc9df472dcc62fc2c816157601') in 0.032386 seconds 
========================================================================
Received Import Request.
  Time since last request: 0.000029 seconds.
  path: Assets/POLYGON city pack/Materials/Material_meshs/street 10.mat
  artifactKey: Guid(ccbd9a98334624441a21da866f5b4ca5) Importer(815301076,1909f56bfc062723c751e8b465ee728b)
Start importing Assets/POLYGON city pack/Materials/Material_meshs/street 10.mat using Guid(ccbd9a98334624441a21da866f5b4ca5) Importer(815301076,1909f56bfc062723c751e8b465ee728b)  -> (artifact id: '8f129f26869d353b1f8cf28ab002a710') in 0.029702 seconds 
========================================================================
Received Import Request.
  Time since last request: 0.000090 seconds.
  path: Assets/POLYGON city pack/Meshes,textures/ways_FBX/Materials/Street.mat
  artifactKey: Guid(06605a076c06da8468d90ee71a9ee427) Importer(815301076,1909f56bfc062723c751e8b465ee728b)
Start importing Assets/POLYGON city pack/Meshes,textures/ways_FBX/Materials/Street.mat using Guid(06605a076c06da8468d90ee71a9ee427) Importer(815301076,1909f56bfc062723c751e8b465ee728b)  -> (artifact id: '7dd176b04344b4b12d69f336a0c82689') in 0.026843 seconds 
========================================================================
Received Import Request.
  Time since last request: 0.000023 seconds.
  path: Assets/POLYGON city pack/Materials/Material_meshs/street 8.mat
  artifactKey: Guid(f66625c0d638e4441aad72b0e59126c2) Importer(815301076,1909f56bfc062723c751e8b465ee728b)
Start importing Assets/POLYGON city pack/Materials/Material_meshs/street 8.mat using Guid(f66625c0d638e4441aad72b0e59126c2) Importer(815301076,1909f56bfc062723c751e8b465ee728b)  -> (artifact id: 'c35bf8a332413a06a3eed5cb3e315b9a') in 0.028474 seconds 
========================================================================
Received Import Request.
  Time since last request: 0.000045 seconds.
  path: Assets/POLYGON city pack/Materials/Material_meshs/Pot_tree.mat
  artifactKey: Guid(3b40b8ee00299524ea7fc922043f7454) Importer(815301076,1909f56bfc062723c751e8b465ee728b)
Start importing Assets/POLYGON city pack/Materials/Material_meshs/Pot_tree.mat using Guid(3b40b8ee00299524ea7fc922043f7454) Importer(815301076,1909f56bfc062723c751e8b465ee728b)  -> (artifact id: 'ff3dd0c4bef951cd182e721ba303c44a') in 0.023380 seconds 
========================================================================
Received Import Request.
  Time since last request: 0.000024 seconds.
  path: Assets/BrokenVector/LowPolyTreePack/Textures/Colorsheet Tree Dry.png
  artifactKey: Guid(9236635f319ab034fa33215e8eaa903a) Importer(815301076,1909f56bfc062723c751e8b465ee728b)
Start importing Assets/BrokenVector/LowPolyTreePack/Textures/Colorsheet Tree Dry.png using Guid(9236635f319ab034fa33215e8eaa903a) Importer(815301076,1909f56bfc062723c751e8b465ee728b)  -> (artifact id: '09d238d83c69afffa740791ad72c098f') in 0.033963 seconds 
========================================================================
Received Import Request.
  Time since last request: 0.000024 seconds.
  path: Assets/Customizable Skybox/Materials/pine tree green.mat
  artifactKey: Guid(471bbc61de2af0a47bd80da0aacc49dc) Importer(815301076,1909f56bfc062723c751e8b465ee728b)
Start importing Assets/Customizable Skybox/Materials/pine tree green.mat using Guid(471bbc61de2af0a47bd80da0aacc49dc) Importer(815301076,1909f56bfc062723c751e8b465ee728b)  -> (artifact id: 'ee509810985956e200c4f3a705f355a3') in 0.036159 seconds 
========================================================================
Received Import Request.
  Time since last request: 0.000024 seconds.
  path: Assets/POLYGON city pack/Materials/Material_meshs/street 6.mat
  artifactKey: Guid(be8e1d853d066054791a5c07f41a04ae) Importer(815301076,1909f56bfc062723c751e8b465ee728b)
Start importing Assets/POLYGON city pack/Materials/Material_meshs/street 6.mat using Guid(be8e1d853d066054791a5c07f41a04ae) Importer(815301076,1909f56bfc062723c751e8b465ee728b)  -> (artifact id: 'f33c6ad657890bf82190f5a194637edd') in 0.028071 seconds 
========================================================================
Received Import Request.
  Time since last request: 0.000032 seconds.
  path: Assets/POLYGON city pack/Prefabs/Floor/Street 2 Prefab.prefab
  artifactKey: Guid(09c381fe7eb215142a85dbabe00ae5b6) Importer(815301076,1909f56bfc062723c751e8b465ee728b)
Start importing Assets/POLYGON city pack/Prefabs/Floor/Street 2 Prefab.prefab using Guid(09c381fe7eb215142a85dbabe00ae5b6) Importer(815301076,1909f56bfc062723c751e8b465ee728b)  -> (artifact id: 'f960ea21c3d71c3d7a7d38faad1bee23') in 0.025890 seconds 
========================================================================
Received Import Request.
  Time since last request: 0.000022 seconds.
  path: Assets/POLYGON city pack/Prefabs/Props/StoneStreet prefab.prefab
  artifactKey: Guid(b371324d60f1ca9408481c0bd5f4539d) Importer(815301076,1909f56bfc062723c751e8b465ee728b)
Start importing Assets/POLYGON city pack/Prefabs/Props/StoneStreet prefab.prefab using Guid(b371324d60f1ca9408481c0bd5f4539d) Importer(815301076,1909f56bfc062723c751e8b465ee728b)  -> (artifact id: '4df41d50ec3c3eccba8dd7420cd22d7c') in 0.028515 seconds 
========================================================================
Received Import Request.
  Time since last request: 0.000021 seconds.
  path: Assets/POLYGON city pack/Materials/Material_meshs/street 16.mat
  artifactKey: Guid(c88e6f689c0b0244483582064ba31383) Importer(815301076,1909f56bfc062723c751e8b465ee728b)
Start importing Assets/POLYGON city pack/Materials/Material_meshs/street 16.mat using Guid(c88e6f689c0b0244483582064ba31383) Importer(815301076,1909f56bfc062723c751e8b465ee728b)  -> (artifact id: 'c5c4852d90edd60fa88a9c0b4fbd5b86') in 0.027531 seconds 
========================================================================
Received Import Request.
  Time since last request: 0.000021 seconds.
  path: Assets/BrokenVector/LowPolyTreePack/Textures/Colorsheet Tree Fall.png
  artifactKey: Guid(99897f7919c46fc43969a2a130434315) Importer(815301076,1909f56bfc062723c751e8b465ee728b)
Start importing Assets/BrokenVector/LowPolyTreePack/Textures/Colorsheet Tree Fall.png using Guid(99897f7919c46fc43969a2a130434315) Importer(815301076,1909f56bfc062723c751e8b465ee728b)  -> (artifact id: '7bd9904e6fe29a434cc65f8b643c4570') in 0.032883 seconds 
========================================================================
Received Import Request.
  Time since last request: 0.000024 seconds.
  path: Assets/POLYGON city pack/Materials/Material_meshs/street 19.mat
  artifactKey: Guid(f8c0e9b4d11bff14da607053f5012175) Importer(815301076,1909f56bfc062723c751e8b465ee728b)
Start importing Assets/POLYGON city pack/Materials/Material_meshs/street 19.mat using Guid(f8c0e9b4d11bff14da607053f5012175) Importer(815301076,1909f56bfc062723c751e8b465ee728b)  -> (artifact id: '69b55ad38defd242c27fff125304124c') in 0.039821 seconds 
========================================================================
Received Import Request.
  Time since last request: 0.000023 seconds.
  path: Assets/POLYGON city pack/Prefabs/Floor/Street 9 Prefab.prefab
  artifactKey: Guid(c7882e4d30114944b9894c2c302d8a34) Importer(815301076,1909f56bfc062723c751e8b465ee728b)
Start importing Assets/POLYGON city pack/Prefabs/Floor/Street 9 Prefab.prefab using Guid(c7882e4d30114944b9894c2c302d8a34) Importer(815301076,1909f56bfc062723c751e8b465ee728b)  -> (artifact id: '78299de0fe64e0fe93068e79b643bb4d') in 0.051132 seconds 
========================================================================
Received Import Request.
  Time since last request: 0.000023 seconds.
  path: Assets/POLYGON city pack/Materials/Material_meshs/street 9.mat
  artifactKey: Guid(44e6f6a31667a0c46a4d3741b5e879d9) Importer(815301076,1909f56bfc062723c751e8b465ee728b)
Start importing Assets/POLYGON city pack/Materials/Material_meshs/street 9.mat using Guid(44e6f6a31667a0c46a4d3741b5e879d9) Importer(815301076,1909f56bfc062723c751e8b465ee728b)  -> (artifact id: 'cfe9f05bb9203a8a28bbebde6e3fb00f') in 0.028630 seconds 
========================================================================
Received Import Request.
  Time since last request: 0.000028 seconds.
  path: Assets/Customizable Skybox/Model/Materials/green tree.mat
  artifactKey: Guid(c856162727dc18842bc191504f727456) Importer(815301076,1909f56bfc062723c751e8b465ee728b)
Start importing Assets/Customizable Skybox/Model/Materials/green tree.mat using Guid(c856162727dc18842bc191504f727456) Importer(815301076,1909f56bfc062723c751e8b465ee728b)  -> (artifact id: '1b71ea4edd30356a596e6ac63eec068a') in 0.031154 seconds 
========================================================================
Received Import Request.
  Time since last request: 0.000022 seconds.
  path: Assets/POLYGON city pack/Meshes,textures/props_FBX/leafes tree 1.png
  artifactKey: Guid(d77ac9832e1f7ce4e8ad8e45903243e6) Importer(815301076,1909f56bfc062723c751e8b465ee728b)
Start importing Assets/POLYGON city pack/Meshes,textures/props_FBX/leafes tree 1.png using Guid(d77ac9832e1f7ce4e8ad8e45903243e6) Importer(815301076,1909f56bfc062723c751e8b465ee728b)  -> (artifact id: '4e0dcbe10f4e69c71a1a366bf3e4afbe') in 0.030633 seconds 
========================================================================
Received Import Request.
  Time since last request: 0.000018 seconds.
  path: Assets/POLYGON city pack/Prefabs/Floor/Street 13 Prefab.prefab
  artifactKey: Guid(9338c70e4379d504695b5390f8421d6c) Importer(815301076,1909f56bfc062723c751e8b465ee728b)
Start importing Assets/POLYGON city pack/Prefabs/Floor/Street 13 Prefab.prefab using Guid(9338c70e4379d504695b5390f8421d6c) Importer(815301076,1909f56bfc062723c751e8b465ee728b)  -> (artifact id: '4ac7169ccf353180b2d2e82130bae877') in 0.043020 seconds 
========================================================================
Received Import Request.
  Time since last request: 0.000021 seconds.
  path: Assets/BrokenVector/LowPolyTreePack/Textures/Colorsheet Tree Normal.png
  artifactKey: Guid(8ba8b94b5ab0c214fa2810a7df98a1a9) Importer(815301076,1909f56bfc062723c751e8b465ee728b)
Start importing Assets/BrokenVector/LowPolyTreePack/Textures/Colorsheet Tree Normal.png using Guid(8ba8b94b5ab0c214fa2810a7df98a1a9) Importer(815301076,1909f56bfc062723c751e8b465ee728b)  -> (artifact id: 'a29fee0ecb7b296f4137e4f5276a226b') in 0.025029 seconds 
========================================================================
Received Import Request.
  Time since last request: 0.000019 seconds.
  path: Assets/POLYGON city pack/Materials/Material_meshs/street 5.mat
  artifactKey: Guid(55f55d8f998363c4d91b7b94cb5a37ca) Importer(815301076,1909f56bfc062723c751e8b465ee728b)
Start importing Assets/POLYGON city pack/Materials/Material_meshs/street 5.mat using Guid(55f55d8f998363c4d91b7b94cb5a37ca) Importer(815301076,1909f56bfc062723c751e8b465ee728b)  -> (artifact id: '97c559189f3f4b54c3bc348cf008a877') in 0.028096 seconds 
========================================================================
Received Import Request.
  Time since last request: 0.000023 seconds.
  path: Assets/POLYGON city pack/Prefabs/Floor/Street 4 2M prefab.prefab
  artifactKey: Guid(0509744eed6f16e4c98e542f790a84b5) Importer(815301076,1909f56bfc062723c751e8b465ee728b)
Start importing Assets/POLYGON city pack/Prefabs/Floor/Street 4 2M prefab.prefab using Guid(0509744eed6f16e4c98e542f790a84b5) Importer(815301076,1909f56bfc062723c751e8b465ee728b)  -> (artifact id: '28fd2c1d0535d1f7d115d8745fb47303') in 0.028396 seconds 
========================================================================
Received Import Request.
  Time since last request: 0.000025 seconds.
  path: Assets/POLYGON city pack/Materials/Material_meshs/street 17.mat
  artifactKey: Guid(d600fec226ddb23418f8e8d742e5a551) Importer(815301076,1909f56bfc062723c751e8b465ee728b)
Start importing Assets/POLYGON city pack/Materials/Material_meshs/street 17.mat using Guid(d600fec226ddb23418f8e8d742e5a551) Importer(815301076,1909f56bfc062723c751e8b465ee728b)  -> (artifact id: 'cafd2b377ec322caa227c55e8fb20f25') in 0.041534 seconds 
========================================================================
Received Import Request.
  Time since last request: 0.000034 seconds.
  path: Assets/POLYGON city pack/Materials/Material_meshs/street 21.mat
  artifactKey: Guid(b104df4148bcf294b9ec4a842c8e5b51) Importer(815301076,1909f56bfc062723c751e8b465ee728b)
Start importing Assets/POLYGON city pack/Materials/Material_meshs/street 21.mat using Guid(b104df4148bcf294b9ec4a842c8e5b51) Importer(815301076,1909f56bfc062723c751e8b465ee728b)  -> (artifact id: 'b60dc5309dd52df7cb735dfa7f9b8b1b') in 0.046483 seconds 
========================================================================
Received Import Request.
  Time since last request: 0.000022 seconds.
  path: Assets/POLYGON city pack/Meshes,textures/props_FBX/street lamp 2.fbx
  artifactKey: Guid(c676bc2cbcce204439e758464c03bcc1) Importer(815301076,1909f56bfc062723c751e8b465ee728b)
Start importing Assets/POLYGON city pack/Meshes,textures/props_FBX/street lamp 2.fbx using Guid(c676bc2cbcce204439e758464c03bcc1) Importer(815301076,1909f56bfc062723c751e8b465ee728b)  -> (artifact id: '641bd88c0a473f4d4ad2db9dbfbc5bba') in 0.044811 seconds 
========================================================================
Received Import Request.
  Time since last request: 0.000021 seconds.
  path: Assets/POLYGON city pack/Meshes,textures/ways_FBX/Materials/Street.008.mat
  artifactKey: Guid(58eb9a48986124d4cb11c696feb43f44) Importer(815301076,1909f56bfc062723c751e8b465ee728b)
Start importing Assets/POLYGON city pack/Meshes,textures/ways_FBX/Materials/Street.008.mat using Guid(58eb9a48986124d4cb11c696feb43f44) Importer(815301076,1909f56bfc062723c751e8b465ee728b)  -> (artifact id: '9a9954f7c1da88e12dce9cebcbc81426') in 0.035526 seconds 
========================================================================
Received Import Request.
  Time since last request: 0.000023 seconds.
  path: Assets/POLYGON city pack/Prefabs/Lamps/street lamp 2 prefab.prefab
  artifactKey: Guid(3744e668ae9047e4b9590c326355161c) Importer(815301076,1909f56bfc062723c751e8b465ee728b)
Start importing Assets/POLYGON city pack/Prefabs/Lamps/street lamp 2 prefab.prefab using Guid(3744e668ae9047e4b9590c326355161c) Importer(815301076,1909f56bfc062723c751e8b465ee728b)  -> (artifact id: '209848c6a495648467217a4d891f104d') in 0.050358 seconds 
========================================================================
Received Import Request.
  Time since last request: 0.000034 seconds.
  path: Assets/POLYGON city pack/Materials/Material_meshs/street 20.mat
  artifactKey: Guid(366292c81715a0f47be66ba182a84b25) Importer(815301076,1909f56bfc062723c751e8b465ee728b)
Start importing Assets/POLYGON city pack/Materials/Material_meshs/street 20.mat using Guid(366292c81715a0f47be66ba182a84b25) Importer(815301076,1909f56bfc062723c751e8b465ee728b)  -> (artifact id: '12a16f564bee85982a3d192984510993') in 0.060247 seconds 
========================================================================
Received Import Request.
  Time since last request: 0.000043 seconds.
  path: Assets/POLYGON city pack/Prefabs/Floor/Street 19 Prefab.prefab
  artifactKey: Guid(8e03c81bd030d824c99304a858b8a18c) Importer(815301076,1909f56bfc062723c751e8b465ee728b)
Start importing Assets/POLYGON city pack/Prefabs/Floor/Street 19 Prefab.prefab using Guid(8e03c81bd030d824c99304a858b8a18c) Importer(815301076,1909f56bfc062723c751e8b465ee728b)  -> (artifact id: 'd4006e37a635e28cd021184f6598e9ed') in 0.050662 seconds 
========================================================================
Received Import Request.
  Time since last request: 0.000022 seconds.
  path: Assets/POLYGON city pack/Meshes,textures/ways_FBX/Materials/Street.006.mat
  artifactKey: Guid(db1e9477ba471f24189c7db0d02f0724) Importer(815301076,1909f56bfc062723c751e8b465ee728b)
Start importing Assets/POLYGON city pack/Meshes,textures/ways_FBX/Materials/Street.006.mat using Guid(db1e9477ba471f24189c7db0d02f0724) Importer(815301076,1909f56bfc062723c751e8b465ee728b)  -> (artifact id: '2aee1a1b8fbe886b37ca7f254cf6b66e') in 0.059829 seconds 
========================================================================
Received Import Request.
  Time since last request: 0.000052 seconds.
  path: Assets/POLYGON city pack/Meshes,textures/ways_FBX/Materials/Street.009.mat
  artifactKey: Guid(8adffa01688a160448a344d35f9f6e0b) Importer(815301076,1909f56bfc062723c751e8b465ee728b)
Start importing Assets/POLYGON city pack/Meshes,textures/ways_FBX/Materials/Street.009.mat using Guid(8adffa01688a160448a344d35f9f6e0b) Importer(815301076,1909f56bfc062723c751e8b465ee728b)  -> (artifact id: '2b84ac428900f8776cddd2b49273dac5') in 0.037143 seconds 
========================================================================
Received Import Request.
  Time since last request: 0.000024 seconds.
  path: Assets/POLYGON city pack/Prefabs/Floor/Street 21 Prefab.prefab
  artifactKey: Guid(8e333c3d9aca5ec419b24e89d083d1e0) Importer(815301076,1909f56bfc062723c751e8b465ee728b)
Start importing Assets/POLYGON city pack/Prefabs/Floor/Street 21 Prefab.prefab using Guid(8e333c3d9aca5ec419b24e89d083d1e0) Importer(815301076,1909f56bfc062723c751e8b465ee728b)  -> (artifact id: '89ca1ea601a66e70e4979a2b33df06ec') in 0.028858 seconds 
========================================================================
Received Import Request.
  Time since last request: 0.000025 seconds.
  path: Assets/POLYGON city pack/Prefabs/Floor/Street 20 Prefab.prefab
  artifactKey: Guid(7de21ec9cb2ee3c4e8b383869c2b441a) Importer(815301076,1909f56bfc062723c751e8b465ee728b)
Start importing Assets/POLYGON city pack/Prefabs/Floor/Street 20 Prefab.prefab using Guid(7de21ec9cb2ee3c4e8b383869c2b441a) Importer(815301076,1909f56bfc062723c751e8b465ee728b)  -> (artifact id: '9c008e4e4a01e85a3ee7e4908a3058f9') in 0.030141 seconds 
========================================================================
Received Import Request.
  Time since last request: 0.000071 seconds.
  path: Assets/POLYGON city pack/Meshes,textures/ways_FBX/Materials/Street.007.mat
  artifactKey: Guid(b9c714ec096bf5342bc3aba0b58e502e) Importer(815301076,1909f56bfc062723c751e8b465ee728b)
Start importing Assets/POLYGON city pack/Meshes,textures/ways_FBX/Materials/Street.007.mat using Guid(b9c714ec096bf5342bc3aba0b58e502e) Importer(815301076,1909f56bfc062723c751e8b465ee728b)  -> (artifact id: 'c5492b6292603984062f8effd75dc892') in 0.037474 seconds 
========================================================================
Received Import Request.
  Time since last request: 0.000025 seconds.
  path: Assets/POLYGON city pack/Prefabs/Floor/Street 7 Prefab.prefab
  artifactKey: Guid(a48e7d2fc673f7e4ea6df4cffad97a56) Importer(815301076,1909f56bfc062723c751e8b465ee728b)
Start importing Assets/POLYGON city pack/Prefabs/Floor/Street 7 Prefab.prefab using Guid(a48e7d2fc673f7e4ea6df4cffad97a56) Importer(815301076,1909f56bfc062723c751e8b465ee728b)  -> (artifact id: 'dafe9ec80fed1349d6bef049a112efef') in 0.050406 seconds 
========================================================================
Received Import Request.
  Time since last request: 0.000025 seconds.
  path: Assets/POLYGON city pack/Meshes,textures/props_FBX/Materials/street lamp.mat
  artifactKey: Guid(788a948e34972c940a1e026c870b29b7) Importer(815301076,1909f56bfc062723c751e8b465ee728b)
Start importing Assets/POLYGON city pack/Meshes,textures/props_FBX/Materials/street lamp.mat using Guid(788a948e34972c940a1e026c870b29b7) Importer(815301076,1909f56bfc062723c751e8b465ee728b)  -> (artifact id: '73ac1eadc1cc560e262f9ae8e6879c69') in 0.044354 seconds 
========================================================================
Received Import Request.
  Time since last request: 0.000023 seconds.
  path: Assets/POLYGON city pack/Prefabs/Floor/Street 8 Prefab.prefab
  artifactKey: Guid(45374165b7b045b498462bc2d3987a31) Importer(815301076,1909f56bfc062723c751e8b465ee728b)
Start importing Assets/POLYGON city pack/Prefabs/Floor/Street 8 Prefab.prefab using Guid(45374165b7b045b498462bc2d3987a31) Importer(815301076,1909f56bfc062723c751e8b465ee728b)  -> (artifact id: '53ad99a3ebff1d1397b123c36630e66f') in 0.051129 seconds 
========================================================================
Received Import Request.
  Time since last request: 0.000028 seconds.
  path: Assets/Customizable Skybox/Model/Materials/pine tree green.mat
  artifactKey: Guid(b67fe0ad79964244383e7633743fcc6b) Importer(815301076,1909f56bfc062723c751e8b465ee728b)
Start importing Assets/Customizable Skybox/Model/Materials/pine tree green.mat using Guid(b67fe0ad79964244383e7633743fcc6b) Importer(815301076,1909f56bfc062723c751e8b465ee728b)  -> (artifact id: '9ef5e998ec26f29cc8e02df1857b5326') in 0.030657 seconds 
========================================================================
Received Import Request.
  Time since last request: 0.000034 seconds.
  path: Assets/POLYGON city pack/Prefabs/Floor/Street 4 16M prefab.prefab
  artifactKey: Guid(589a02648855e174db02b948c97d6321) Importer(815301076,1909f56bfc062723c751e8b465ee728b)
Start importing Assets/POLYGON city pack/Prefabs/Floor/Street 4 16M prefab.prefab using Guid(589a02648855e174db02b948c97d6321) Importer(815301076,1909f56bfc062723c751e8b465ee728b)  -> (artifact id: '9ca6215efa3b8f90a629ef74eca04a8e') in 0.028717 seconds 
========================================================================
Received Import Request.
  Time since last request: 0.000025 seconds.
  path: Assets/POLYGON city pack/Prefabs/Floor/Street 17 Prefab.prefab
  artifactKey: Guid(ea27830310984ee42a182381495d5561) Importer(815301076,1909f56bfc062723c751e8b465ee728b)
Start importing Assets/POLYGON city pack/Prefabs/Floor/Street 17 Prefab.prefab using Guid(ea27830310984ee42a182381495d5561) Importer(815301076,1909f56bfc062723c751e8b465ee728b)  -> (artifact id: '8164d6f780b9c879228692f05104889b') in 0.027949 seconds 
========================================================================
Received Import Request.
  Time since last request: 0.000021 seconds.
  path: Assets/POLYGON city pack/Meshes,textures/ways_FBX/Street 12 Prefab.prefab
  artifactKey: Guid(4499f8be2b61aa146987b6def5a0d683) Importer(815301076,1909f56bfc062723c751e8b465ee728b)
Start importing Assets/POLYGON city pack/Meshes,textures/ways_FBX/Street 12 Prefab.prefab using Guid(4499f8be2b61aa146987b6def5a0d683) Importer(815301076,1909f56bfc062723c751e8b465ee728b)  -> (artifact id: '2bf77713283e94b0218c3dc1cdb2e771') in 0.026676 seconds 
========================================================================
Received Import Request.
  Time since last request: 0.000024 seconds.
  path: Assets/POLYGON city pack/Materials/Material_meshs/street 13.mat
  artifactKey: Guid(34ec53f412bdc5545a2722b7b5a1f277) Importer(815301076,1909f56bfc062723c751e8b465ee728b)
Start importing Assets/POLYGON city pack/Materials/Material_meshs/street 13.mat using Guid(34ec53f412bdc5545a2722b7b5a1f277) Importer(815301076,1909f56bfc062723c751e8b465ee728b)  -> (artifact id: '7d0d73daf419669255fcb61a7c2ca509') in 0.029914 seconds 
========================================================================
Received Import Request.
  Time since last request: 0.000021 seconds.
  path: Assets/POLYGON city pack/Prefabs/Floor/Street 18 Prefab.prefab
  artifactKey: Guid(c48fd6e7775d8e740a5b6f7fb5e4bdc3) Importer(815301076,1909f56bfc062723c751e8b465ee728b)
Start importing Assets/POLYGON city pack/Prefabs/Floor/Street 18 Prefab.prefab using Guid(c48fd6e7775d8e740a5b6f7fb5e4bdc3) Importer(815301076,1909f56bfc062723c751e8b465ee728b)  -> (artifact id: '3c9b05ca213ee462c784512de11ce547') in 0.031152 seconds 
========================================================================
Received Import Request.
  Time since last request: 13.071064 seconds.
  path: Assets/POLYGON city pack/Meshes,textures/props_FBX/tree_holder.fbx
  artifactKey: Guid(864b37ef74679d041a9878401216a6b0) Importer(815301076,1909f56bfc062723c751e8b465ee728b)
Start importing Assets/POLYGON city pack/Meshes,textures/props_FBX/tree_holder.fbx using Guid(864b37ef74679d041a9878401216a6b0) Importer(815301076,1909f56bfc062723c751e8b465ee728b)  -> (artifact id: 'f9b72a34cfe2e06d0569997bca3d94c1') in 0.038729 seconds 
